{"/home/runner/work/forked-jsshn12-Bot-Js/forked-jsshn12-Bot-Js/lib/ban.js": {"path":"/home/runner/work/forked-jsshn12-Bot-Js/forked-jsshn12-Bot-Js/lib/ban.js","statementMap":{"0":{"start":{"line":1,"column":11},"end":{"line":1,"column":30}},"1":{"start":{"line":3,"column":0},"end":{"line":7,"column":1}},"2":{"start":{"line":4,"column":4},"end":{"line":4,"column":66}},"3":{"start":{"line":5,"column":4},"end":{"line":5,"column":78}},"4":{"start":{"line":6,"column":4},"end":{"line":6,"column":23}},"5":{"start":{"line":9,"column":0},"end":{"line":30,"column":1}},"6":{"start":{"line":10,"column":4},"end":{"line":10,"column":68}},"7":{"start":{"line":11,"column":4},"end":{"line":29,"column":6}},"8":{"start":{"line":12,"column":8},"end":{"line":12,"column":26}},"9":{"start":{"line":12,"column":17},"end":{"line":12,"column":26}},"10":{"start":{"line":14,"column":24},"end":{"line":14,"column":40}},"11":{"start":{"line":15,"column":20},"end":{"line":15,"column":54}},"12":{"start":{"line":16,"column":20},"end":{"line":16,"column":22}},"13":{"start":{"line":18,"column":8},"end":{"line":23,"column":9}},"14":{"start":{"line":18,"column":21},"end":{"line":18,"column":22}},"15":{"start":{"line":19,"column":12},"end":{"line":22,"column":13}},"16":{"start":{"line":20,"column":16},"end":{"line":20,"column":25}},"17":{"start":{"line":21,"column":16},"end":{"line":21,"column":21}},"18":{"start":{"line":24,"column":8},"end":{"line":24,"column":34}},"19":{"start":{"line":25,"column":27},"end":{"line":25,"column":47}},"20":{"start":{"line":26,"column":8},"end":{"line":28,"column":10}},"21":{"start":{"line":27,"column":12},"end":{"line":27,"column":30}},"22":{"start":{"line":27,"column":21},"end":{"line":27,"column":30}}},"fnMap":{"0":{"name":"(anonymous_0)","decl":{"start":{"line":3,"column":14},"end":{"line":3,"column":15}},"loc":{"start":{"line":3,"column":39},"end":{"line":7,"column":1}},"line":3},"1":{"name":"(anonymous_1)","decl":{"start":{"line":9,"column":16},"end":{"line":9,"column":17}},"loc":{"start":{"line":9,"column":41},"end":{"line":30,"column":1}},"line":9},"2":{"name":"(anonymous_2)","decl":{"start":{"line":11,"column":59},"end":{"line":11,"column":60}},"loc":{"start":{"line":11,"column":80},"end":{"line":29,"column":5}},"line":11},"3":{"name":"(anonymous_3)","decl":{"start":{"line":26,"column":54},"end":{"line":26,"column":55}},"loc":{"start":{"line":26,"column":68},"end":{"line":28,"column":9}},"line":26}},"branchMap":{"0":{"loc":{"start":{"line":12,"column":8},"end":{"line":12,"column":26}},"type":"if","locations":[{"start":{"line":12,"column":8},"end":{"line":12,"column":26}},{"start":{},"end":{}}],"line":12},"1":{"loc":{"start":{"line":19,"column":12},"end":{"line":22,"column":13}},"type":"if","locations":[{"start":{"line":19,"column":12},"end":{"line":22,"column":13}},{"start":{},"end":{}}],"line":19},"2":{"loc":{"start":{"line":27,"column":12},"end":{"line":27,"column":30}},"type":"if","locations":[{"start":{"line":27,"column":12},"end":{"line":27,"column":30}},{"start":{},"end":{}}],"line":27}},"s":{"0":0,"1":0,"2":0,"3":0,"4":0,"5":0,"6":0,"7":0,"8":0,"9":0,"10":0,"11":0,"12":0,"13":0,"14":0,"15":0,"16":0,"17":0,"18":0,"19":0,"20":0,"21":0,"22":0},"f":{"0":0,"1":0,"2":0,"3":0},"b":{"0":[0,0],"1":[0,0],"2":[0,0]}}
,"/home/runner/work/forked-jsshn12-Bot-Js/forked-jsshn12-Bot-Js/lib/brainly.js": {"path":"/home/runner/work/forked-jsshn12-Bot-Js/forked-jsshn12-Bot-Js/lib/brainly.js","statementMap":{"0":{"start":{"line":1,"column":16},"end":{"line":1,"column":42}},"1":{"start":{"line":3,"column":0},"end":{"line":25,"column":1}},"2":{"start":{"line":4,"column":4},"end":{"line":24,"column":6}},"3":{"start":{"line":5,"column":28},"end":{"line":5,"column":30}},"4":{"start":{"line":6,"column":8},"end":{"line":18,"column":14}},"5":{"start":{"line":7,"column":22},"end":{"line":10,"column":13}},"6":{"start":{"line":11,"column":12},"end":{"line":16,"column":14}},"7":{"start":{"line":12,"column":16},"end":{"line":15,"column":17}},"8":{"start":{"line":17,"column":12},"end":{"line":17,"column":35}},"9":{"start":{"line":19,"column":12},"end":{"line":19,"column":32}},"10":{"start":{"line":21,"column":8},"end":{"line":21,"column":13}},"11":{"start":{"line":23,"column":8},"end":{"line":23,"column":30}}},"fnMap":{"0":{"name":"(anonymous_0)","decl":{"start":{"line":3,"column":33},"end":{"line":3,"column":34}},"loc":{"start":{"line":3,"column":61},"end":{"line":25,"column":1}},"line":3},"1":{"name":"(anonymous_1)","decl":{"start":{"line":4,"column":55},"end":{"line":4,"column":56}},"loc":{"start":{"line":4,"column":64},"end":{"line":20,"column":5}},"line":4},"2":{"name":"(anonymous_2)","decl":{"start":{"line":6,"column":25},"end":{"line":6,"column":26}},"loc":{"start":{"line":6,"column":34},"end":{"line":18,"column":13}},"line":6},"3":{"name":"(anonymous_3)","decl":{"start":{"line":11,"column":32},"end":{"line":11,"column":33}},"loc":{"start":{"line":11,"column":42},"end":{"line":16,"column":13}},"line":11},"4":{"name":"(anonymous_4)","decl":{"start":{"line":20,"column":12},"end":{"line":20,"column":13}},"loc":{"start":{"line":20,"column":17},"end":{"line":22,"column":5}},"line":20},"5":{"name":"(anonymous_5)","decl":{"start":{"line":22,"column":13},"end":{"line":22,"column":14}},"loc":{"start":{"line":22,"column":20},"end":{"line":24,"column":5}},"line":22}},"branchMap":{},"s":{"0":0,"1":0,"2":0,"3":0,"4":0,"5":0,"6":0,"7":0,"8":0,"9":0,"10":0,"11":0},"f":{"0":0,"1":0,"2":0,"3":0,"4":0,"5":0},"b":{}}
,"/home/runner/work/forked-jsshn12-Bot-Js/forked-jsshn12-Bot-Js/lib/color.js": {"path":"/home/runner/work/forked-jsshn12-Bot-Js/forked-jsshn12-Bot-Js/lib/color.js","statementMap":{"0":{"start":{"line":1,"column":14},"end":{"line":1,"column":30}},"1":{"start":{"line":3,"column":0},"end":{"line":5,"column":1}},"2":{"start":{"line":4,"column":4},"end":{"line":4,"column":66}}},"fnMap":{"0":{"name":"(anonymous_0)","decl":{"start":{"line":3,"column":25},"end":{"line":3,"column":26}},"loc":{"start":{"line":3,"column":42},"end":{"line":5,"column":1}},"line":3}},"branchMap":{"0":{"loc":{"start":{"line":4,"column":11},"end":{"line":4,"column":66}},"type":"cond-expr","locations":[{"start":{"line":4,"column":20},"end":{"line":4,"column":37}},{"start":{"line":4,"column":40},"end":{"line":4,"column":66}}],"line":4}},"s":{"0":0,"1":0,"2":0},"f":{"0":0},"b":{"0":[0,0]}}
,"/home/runner/work/forked-jsshn12-Bot-Js/forked-jsshn12-Bot-Js/lib/fetcher.js": {"path":"/home/runner/work/forked-jsshn12-Bot-Js/forked-jsshn12-Bot-Js/lib/fetcher.js","statementMap":{"0":{"start":{"line":1,"column":14},"end":{"line":1,"column":35}},"1":{"start":{"line":2,"column":17},"end":{"line":2,"column":37}},"2":{"start":{"line":3,"column":11},"end":{"line":3,"column":24}},"3":{"start":{"line":4,"column":23},"end":{"line":4,"column":43}},"4":{"start":{"line":5,"column":20},"end":{"line":5,"column":48}},"5":{"start":{"line":7,"column":18},"end":{"line":14,"column":1}},"6":{"start":{"line":8,"column":21},"end":{"line":8,"column":84}},"7":{"start":{"line":9,"column":4},"end":{"line":9,"column":84}},"8":{"start":{"line":9,"column":22},"end":{"line":9,"column":84}},"9":{"start":{"line":10,"column":19},"end":{"line":10,"column":42}},"10":{"start":{"line":11,"column":24},"end":{"line":11,"column":106}},"11":{"start":{"line":12,"column":4},"end":{"line":13,"column":27}},"12":{"start":{"line":13,"column":8},"end":{"line":13,"column":27}},"13":{"start":{"line":16,"column":21},"end":{"line":41,"column":1}},"14":{"start":{"line":18,"column":4},"end":{"line":40,"column":6}},"15":{"start":{"line":19,"column":24},"end":{"line":19,"column":50}},"16":{"start":{"line":20,"column":25},"end":{"line":20,"column":43}},"17":{"start":{"line":21,"column":26},"end":{"line":21,"column":78}},"18":{"start":{"line":22,"column":8},"end":{"line":39,"column":10}},"19":{"start":{"line":23,"column":12},"end":{"line":23,"column":39}},"20":{"start":{"line":23,"column":21},"end":{"line":23,"column":39}},"21":{"start":{"line":24,"column":12},"end":{"line":24,"column":66}},"22":{"start":{"line":25,"column":29},"end":{"line":25,"column":54}},"23":{"start":{"line":26,"column":25},"end":{"line":26,"column":39}},"24":{"start":{"line":27,"column":12},"end":{"line":27,"column":55}},"25":{"start":{"line":28,"column":12},"end":{"line":38,"column":42}},"26":{"start":{"line":32,"column":29},"end":{"line":32,"column":39}},"27":{"start":{"line":34,"column":20},"end":{"line":34,"column":59}},"28":{"start":{"line":34,"column":35},"end":{"line":34,"column":59}},"29":{"start":{"line":35,"column":20},"end":{"line":35,"column":62}},"30":{"start":{"line":37,"column":28},"end":{"line":37,"column":51}},"31":{"start":{"line":38,"column":30},"end":{"line":38,"column":41}},"32":{"start":{"line":43,"column":20},"end":{"line":57,"column":1}},"33":{"start":{"line":44,"column":4},"end":{"line":56,"column":6}},"34":{"start":{"line":45,"column":8},"end":{"line":45,"column":44}},"35":{"start":{"line":46,"column":8},"end":{"line":55,"column":14}},"36":{"start":{"line":48,"column":34},"end":{"line":48,"column":77}},"37":{"start":{"line":49,"column":16},"end":{"line":50,"column":103}},"38":{"start":{"line":50,"column":38},"end":{"line":50,"column":102}},"39":{"start":{"line":53,"column":16},"end":{"line":53,"column":34}},"40":{"start":{"line":54,"column":16},"end":{"line":54,"column":27}},"41":{"start":{"line":59,"column":15},"end":{"line":67,"column":2}},"42":{"start":{"line":59,"column":51},"end":{"line":67,"column":2}},"43":{"start":{"line":60,"column":1},"end":{"line":60,"column":58}},"44":{"start":{"line":61,"column":4},"end":{"line":66,"column":10}},"45":{"start":{"line":62,"column":26},"end":{"line":62,"column":41}},"46":{"start":{"line":64,"column":12},"end":{"line":64,"column":30}},"47":{"start":{"line":65,"column":12},"end":{"line":65,"column":23}},"48":{"start":{"line":69,"column":0},"end":{"line":69,"column":36}},"49":{"start":{"line":70,"column":0},"end":{"line":70,"column":33}},"50":{"start":{"line":71,"column":0},"end":{"line":71,"column":24}},"51":{"start":{"line":72,"column":0},"end":{"line":72,"column":30}}},"fnMap":{"0":{"name":"(anonymous_0)","decl":{"start":{"line":7,"column":18},"end":{"line":7,"column":19}},"loc":{"start":{"line":7,"column":33},"end":{"line":14,"column":1}},"line":7},"1":{"name":"(anonymous_1)","decl":{"start":{"line":16,"column":21},"end":{"line":16,"column":22}},"loc":{"start":{"line":16,"column":41},"end":{"line":41,"column":1}},"line":16},"2":{"name":"(anonymous_2)","decl":{"start":{"line":18,"column":23},"end":{"line":18,"column":24}},"loc":{"start":{"line":18,"column":50},"end":{"line":40,"column":5}},"line":18},"3":{"name":"(anonymous_3)","decl":{"start":{"line":22,"column":66},"end":{"line":22,"column":67}},"loc":{"start":{"line":22,"column":75},"end":{"line":39,"column":9}},"line":22},"4":{"name":"(anonymous_4)","decl":{"start":{"line":32,"column":22},"end":{"line":32,"column":23}},"loc":{"start":{"line":32,"column":29},"end":{"line":32,"column":39}},"line":32},"5":{"name":"(anonymous_5)","decl":{"start":{"line":33,"column":22},"end":{"line":33,"column":23}},"loc":{"start":{"line":33,"column":29},"end":{"line":36,"column":17}},"line":33},"6":{"name":"(anonymous_6)","decl":{"start":{"line":37,"column":22},"end":{"line":37,"column":23}},"loc":{"start":{"line":37,"column":28},"end":{"line":37,"column":51}},"line":37},"7":{"name":"(anonymous_7)","decl":{"start":{"line":38,"column":23},"end":{"line":38,"column":24}},"loc":{"start":{"line":38,"column":30},"end":{"line":38,"column":41}},"line":38},"8":{"name":"(anonymous_8)","decl":{"start":{"line":43,"column":20},"end":{"line":43,"column":21}},"loc":{"start":{"line":43,"column":39},"end":{"line":57,"column":1}},"line":43},"9":{"name":"(anonymous_9)","decl":{"start":{"line":44,"column":23},"end":{"line":44,"column":24}},"loc":{"start":{"line":44,"column":44},"end":{"line":56,"column":5}},"line":44},"10":{"name":"(anonymous_10)","decl":{"start":{"line":47,"column":18},"end":{"line":47,"column":19}},"loc":{"start":{"line":47,"column":27},"end":{"line":51,"column":13}},"line":47},"11":{"name":"(anonymous_11)","decl":{"start":{"line":50,"column":26},"end":{"line":50,"column":27}},"loc":{"start":{"line":50,"column":38},"end":{"line":50,"column":102}},"line":50},"12":{"name":"(anonymous_12)","decl":{"start":{"line":52,"column":19},"end":{"line":52,"column":20}},"loc":{"start":{"line":52,"column":28},"end":{"line":55,"column":13}},"line":52},"13":{"name":"(anonymous_13)","decl":{"start":{"line":59,"column":15},"end":{"line":59,"column":16}},"loc":{"start":{"line":59,"column":51},"end":{"line":67,"column":2}},"line":59},"14":{"name":"(anonymous_14)","decl":{"start":{"line":59,"column":63},"end":{"line":59,"column":64}},"loc":{"start":{"line":59,"column":84},"end":{"line":67,"column":1}},"line":59},"15":{"name":"(anonymous_15)","decl":{"start":{"line":62,"column":14},"end":{"line":62,"column":15}},"loc":{"start":{"line":62,"column":26},"end":{"line":62,"column":41}},"line":62},"16":{"name":"(anonymous_16)","decl":{"start":{"line":63,"column":15},"end":{"line":63,"column":16}},"loc":{"start":{"line":63,"column":24},"end":{"line":66,"column":9}},"line":63}},"branchMap":{"0":{"loc":{"start":{"line":9,"column":4},"end":{"line":9,"column":84}},"type":"if","locations":[{"start":{"line":9,"column":4},"end":{"line":9,"column":84}},{"start":{},"end":{}}],"line":9},"1":{"loc":{"start":{"line":12,"column":4},"end":{"line":13,"column":27}},"type":"if","locations":[{"start":{"line":12,"column":4},"end":{"line":13,"column":27}},{"start":{},"end":{}}],"line":12},"2":{"loc":{"start":{"line":21,"column":26},"end":{"line":21,"column":78}},"type":"cond-expr","locations":[{"start":{"line":21,"column":33},"end":{"line":21,"column":67}},{"start":{"line":21,"column":70},"end":{"line":21,"column":78}}],"line":21},"3":{"loc":{"start":{"line":23,"column":12},"end":{"line":23,"column":39}},"type":"if","locations":[{"start":{"line":23,"column":12},"end":{"line":23,"column":39}},{"start":{},"end":{}}],"line":23},"4":{"loc":{"start":{"line":34,"column":20},"end":{"line":34,"column":59}},"type":"if","locations":[{"start":{"line":34,"column":20},"end":{"line":34,"column":59}},{"start":{},"end":{}}],"line":34},"5":{"loc":{"start":{"line":48,"column":34},"end":{"line":48,"column":77}},"type":"binary-expr","locations":[{"start":{"line":48,"column":34},"end":{"line":48,"column":42}},{"start":{"line":48,"column":46},"end":{"line":48,"column":77}}],"line":48},"6":{"loc":{"start":{"line":59,"column":38},"end":{"line":59,"column":46}},"type":"default-arg","locations":[{"start":{"line":59,"column":44},"end":{"line":59,"column":46}}],"line":59}},"s":{"0":0,"1":0,"2":0,"3":0,"4":0,"5":0,"6":0,"7":0,"8":0,"9":0,"10":0,"11":0,"12":0,"13":0,"14":0,"15":0,"16":0,"17":0,"18":0,"19":0,"20":0,"21":0,"22":0,"23":0,"24":0,"25":0,"26":0,"27":0,"28":0,"29":0,"30":0,"31":0,"32":0,"33":0,"34":0,"35":0,"36":0,"37":0,"38":0,"39":0,"40":0,"41":0,"42":0,"43":0,"44":0,"45":0,"46":0,"47":0,"48":0,"49":0,"50":0,"51":0},"f":{"0":0,"1":0,"2":0,"3":0,"4":0,"5":0,"6":0,"7":0,"8":0,"9":0,"10":0,"11":0,"12":0,"13":0,"14":0,"15":0,"16":0},"b":{"0":[0,0],"1":[0,0],"2":[0,0],"3":[0,0],"4":[0,0],"5":[0,0],"6":[0]}}
,"/home/runner/work/forked-jsshn12-Bot-Js/forked-jsshn12-Bot-Js/lib/functions.js": {"path":"/home/runner/work/forked-jsshn12-Bot-Js/forked-jsshn12-Bot-Js/lib/functions.js","statementMap":{"0":{"start":{"line":1,"column":14},"end":{"line":1,"column":35}},"1":{"start":{"line":2,"column":25},"end":{"line":2,"column":51}},"2":{"start":{"line":3,"column":35},"end":{"line":3,"column":55}},"3":{"start":{"line":4,"column":16},"end":{"line":4,"column":34}},"4":{"start":{"line":5,"column":14},"end":{"line":5,"column":36}},"5":{"start":{"line":6,"column":11},"end":{"line":6,"column":30}},"6":{"start":{"line":7,"column":15},"end":{"line":7,"column":41}},"7":{"start":{"line":8,"column":17},"end":{"line":8,"column":33}},"8":{"start":{"line":9,"column":0},"end":{"line":9,"column":49}},"9":{"start":{"line":11,"column":18},"end":{"line":17,"column":1}},"10":{"start":{"line":12,"column":21},"end":{"line":12,"column":81}},"11":{"start":{"line":13,"column":4},"end":{"line":13,"column":84}},"12":{"start":{"line":13,"column":22},"end":{"line":13,"column":84}},"13":{"start":{"line":14,"column":17},"end":{"line":14,"column":38}},"14":{"start":{"line":15,"column":4},"end":{"line":15,"column":81}},"15":{"start":{"line":15,"column":30},"end":{"line":15,"column":81}},"16":{"start":{"line":16,"column":4},"end":{"line":16,"column":59}},"17":{"start":{"line":19,"column":20},"end":{"line":22,"column":1}},"18":{"start":{"line":21,"column":4},"end":{"line":21,"column":70}},"19":{"start":{"line":28,"column":14},"end":{"line":33,"column":1}},"20":{"start":{"line":29,"column":21},"end":{"line":29,"column":75}},"21":{"start":{"line":30,"column":4},"end":{"line":30,"column":84}},"22":{"start":{"line":30,"column":22},"end":{"line":30,"column":84}},"23":{"start":{"line":31,"column":17},"end":{"line":31,"column":38}},"24":{"start":{"line":32,"column":4},"end":{"line":32,"column":46}},"25":{"start":{"line":32,"column":21},"end":{"line":32,"column":46}},"26":{"start":{"line":35,"column":19},"end":{"line":46,"column":1}},"27":{"start":{"line":36,"column":12},"end":{"line":36,"column":60}},"28":{"start":{"line":37,"column":21},"end":{"line":37,"column":105}},"29":{"start":{"line":38,"column":4},"end":{"line":38,"column":83}},"30":{"start":{"line":38,"column":22},"end":{"line":38,"column":83}},"31":{"start":{"line":39,"column":17},"end":{"line":39,"column":38}},"32":{"start":{"line":40,"column":4},"end":{"line":45,"column":5}},"33":{"start":{"line":41,"column":8},"end":{"line":44,"column":9}},"34":{"start":{"line":42,"column":27},"end":{"line":42,"column":55}},"35":{"start":{"line":43,"column":12},"end":{"line":43,"column":25}},"36":{"start":{"line":48,"column":19},"end":{"line":50,"column":1}},"37":{"start":{"line":49,"column":4},"end":{"line":49,"column":36}},"38":{"start":{"line":51,"column":11},"end":{"line":61,"column":1}},"39":{"start":{"line":52,"column":21},"end":{"line":52,"column":77}},"40":{"start":{"line":53,"column":4},"end":{"line":53,"column":83}},"41":{"start":{"line":53,"column":22},"end":{"line":53,"column":83}},"42":{"start":{"line":54,"column":17},"end":{"line":54,"column":38}},"43":{"start":{"line":55,"column":4},"end":{"line":57,"column":5}},"44":{"start":{"line":55,"column":30},"end":{"line":57,"column":5}},"45":{"start":{"line":58,"column":4},"end":{"line":60,"column":5}},"46":{"start":{"line":63,"column":14},"end":{"line":71,"column":2}},"47":{"start":{"line":63,"column":32},"end":{"line":71,"column":2}},"48":{"start":{"line":64,"column":20},"end":{"line":64,"column":68}},"49":{"start":{"line":65,"column":4},"end":{"line":70,"column":10}},"50":{"start":{"line":66,"column":26},"end":{"line":66,"column":41}},"51":{"start":{"line":68,"column":12},"end":{"line":68,"column":30}},"52":{"start":{"line":69,"column":12},"end":{"line":69,"column":23}},"53":{"start":{"line":73,"column":11},"end":{"line":90,"column":1}},"54":{"start":{"line":74,"column":4},"end":{"line":89,"column":6}},"55":{"start":{"line":82,"column":8},"end":{"line":88,"column":9}},"56":{"start":{"line":83,"column":12},"end":{"line":83,"column":31}},"57":{"start":{"line":85,"column":12},"end":{"line":87,"column":14}},"58":{"start":{"line":86,"column":16},"end":{"line":86,"column":35}},"59":{"start":{"line":92,"column":20},"end":{"line":126,"column":1}},"60":{"start":{"line":93,"column":14},"end":{"line":93,"column":50}},"61":{"start":{"line":94,"column":4},"end":{"line":125,"column":5}},"62":{"start":{"line":96,"column":25},"end":{"line":96,"column":54}},"63":{"start":{"line":97,"column":12},"end":{"line":97,"column":83}},"64":{"start":{"line":97,"column":26},"end":{"line":97,"column":83}},"65":{"start":{"line":98,"column":31},"end":{"line":98,"column":48}},"66":{"start":{"line":99,"column":12},"end":{"line":99,"column":33}},"67":{"start":{"line":100,"column":12},"end":{"line":100,"column":17}},"68":{"start":{"line":102,"column":27},"end":{"line":102,"column":54}},"69":{"start":{"line":103,"column":12},"end":{"line":103,"column":87}},"70":{"start":{"line":103,"column":28},"end":{"line":103,"column":87}},"71":{"start":{"line":104,"column":33},"end":{"line":104,"column":52}},"72":{"start":{"line":105,"column":12},"end":{"line":105,"column":35}},"73":{"start":{"line":106,"column":12},"end":{"line":106,"column":17}},"74":{"start":{"line":108,"column":24},"end":{"line":108,"column":50}},"75":{"start":{"line":109,"column":12},"end":{"line":109,"column":85}},"76":{"start":{"line":109,"column":27},"end":{"line":109,"column":85}},"77":{"start":{"line":110,"column":31},"end":{"line":110,"column":49}},"78":{"start":{"line":111,"column":12},"end":{"line":111,"column":33}},"79":{"start":{"line":112,"column":12},"end":{"line":112,"column":17}},"80":{"start":{"line":114,"column":23},"end":{"line":114,"column":48}},"81":{"start":{"line":115,"column":12},"end":{"line":115,"column":83}},"82":{"start":{"line":115,"column":26},"end":{"line":115,"column":83}},"83":{"start":{"line":116,"column":31},"end":{"line":116,"column":48}},"84":{"start":{"line":117,"column":12},"end":{"line":117,"column":33}},"85":{"start":{"line":118,"column":12},"end":{"line":118,"column":17}},"86":{"start":{"line":120,"column":23},"end":{"line":120,"column":48}},"87":{"start":{"line":121,"column":12},"end":{"line":121,"column":83}},"88":{"start":{"line":121,"column":26},"end":{"line":121,"column":83}},"89":{"start":{"line":122,"column":31},"end":{"line":122,"column":48}},"90":{"start":{"line":123,"column":12},"end":{"line":123,"column":33}},"91":{"start":{"line":124,"column":12},"end":{"line":124,"column":17}},"92":{"start":{"line":128,"column":14},"end":{"line":130,"column":1}},"93":{"start":{"line":129,"column":4},"end":{"line":129,"column":59}},"94":{"start":{"line":129,"column":34},"end":{"line":129,"column":57}},"95":{"start":{"line":132,"column":17},"end":{"line":179,"column":1}},"96":{"start":{"line":133,"column":16},"end":{"line":133,"column":81}},"97":{"start":{"line":134,"column":4},"end":{"line":134,"column":35}},"98":{"start":{"line":134,"column":19},"end":{"line":134,"column":35}},"99":{"start":{"line":135,"column":4},"end":{"line":178,"column":5}},"100":{"start":{"line":137,"column":12},"end":{"line":137,"column":52}},"101":{"start":{"line":138,"column":12},"end":{"line":138,"column":17}},"102":{"start":{"line":140,"column":12},"end":{"line":140,"column":51}},"103":{"start":{"line":141,"column":12},"end":{"line":141,"column":17}},"104":{"start":{"line":143,"column":12},"end":{"line":143,"column":56}},"105":{"start":{"line":144,"column":12},"end":{"line":144,"column":17}},"106":{"start":{"line":146,"column":12},"end":{"line":146,"column":55}},"107":{"start":{"line":147,"column":12},"end":{"line":147,"column":17}},"108":{"start":{"line":149,"column":12},"end":{"line":149,"column":56}},"109":{"start":{"line":150,"column":12},"end":{"line":150,"column":17}},"110":{"start":{"line":152,"column":12},"end":{"line":152,"column":53}},"111":{"start":{"line":153,"column":12},"end":{"line":153,"column":17}},"112":{"start":{"line":155,"column":12},"end":{"line":155,"column":55}},"113":{"start":{"line":156,"column":12},"end":{"line":156,"column":17}},"114":{"start":{"line":158,"column":12},"end":{"line":158,"column":53}},"115":{"start":{"line":159,"column":12},"end":{"line":159,"column":17}},"116":{"start":{"line":161,"column":12},"end":{"line":161,"column":52}},"117":{"start":{"line":162,"column":12},"end":{"line":162,"column":17}},"118":{"start":{"line":164,"column":12},"end":{"line":164,"column":52}},"119":{"start":{"line":165,"column":12},"end":{"line":165,"column":17}},"120":{"start":{"line":167,"column":12},"end":{"line":167,"column":51}},"121":{"start":{"line":168,"column":12},"end":{"line":168,"column":17}},"122":{"start":{"line":170,"column":12},"end":{"line":170,"column":54}},"123":{"start":{"line":171,"column":12},"end":{"line":171,"column":17}},"124":{"start":{"line":173,"column":12},"end":{"line":173,"column":55}},"125":{"start":{"line":174,"column":12},"end":{"line":174,"column":17}},"126":{"start":{"line":176,"column":12},"end":{"line":176,"column":114}},"127":{"start":{"line":177,"column":12},"end":{"line":177,"column":17}},"128":{"start":{"line":181,"column":15},"end":{"line":191,"column":2}},"129":{"start":{"line":181,"column":30},"end":{"line":191,"column":2}},"130":{"start":{"line":182,"column":23},"end":{"line":182,"column":170}},"131":{"start":{"line":183,"column":20},"end":{"line":183,"column":69}},"132":{"start":{"line":184,"column":4},"end":{"line":184,"column":50}},"133":{"start":{"line":185,"column":4},"end":{"line":190,"column":10}},"134":{"start":{"line":186,"column":26},"end":{"line":186,"column":41}},"135":{"start":{"line":188,"column":12},"end":{"line":188,"column":30}},"136":{"start":{"line":189,"column":12},"end":{"line":189,"column":23}},"137":{"start":{"line":201,"column":0},"end":{"line":201,"column":30}},"138":{"start":{"line":202,"column":0},"end":{"line":202,"column":32}},"139":{"start":{"line":203,"column":0},"end":{"line":203,"column":34}},"140":{"start":{"line":204,"column":0},"end":{"line":204,"column":16}},"141":{"start":{"line":205,"column":0},"end":{"line":205,"column":34}},"142":{"start":{"line":206,"column":0},"end":{"line":206,"column":32}},"143":{"start":{"line":207,"column":0},"end":{"line":207,"column":22}},"144":{"start":{"line":208,"column":0},"end":{"line":208,"column":28}},"145":{"start":{"line":209,"column":0},"end":{"line":209,"column":16}},"146":{"start":{"line":210,"column":0},"end":{"line":210,"column":24}},"147":{"start":{"line":211,"column":0},"end":{"line":211,"column":22}}},"fnMap":{"0":{"name":"(anonymous_0)","decl":{"start":{"line":11,"column":18},"end":{"line":11,"column":19}},"loc":{"start":{"line":11,"column":34},"end":{"line":17,"column":1}},"line":11},"1":{"name":"(anonymous_1)","decl":{"start":{"line":19,"column":20},"end":{"line":19,"column":21}},"loc":{"start":{"line":19,"column":40},"end":{"line":22,"column":1}},"line":19},"2":{"name":"(anonymous_2)","decl":{"start":{"line":28,"column":14},"end":{"line":28,"column":15}},"loc":{"start":{"line":28,"column":29},"end":{"line":33,"column":1}},"line":28},"3":{"name":"(anonymous_3)","decl":{"start":{"line":35,"column":19},"end":{"line":35,"column":20}},"loc":{"start":{"line":35,"column":82},"end":{"line":46,"column":1}},"line":35},"4":{"name":"(anonymous_4)","decl":{"start":{"line":48,"column":19},"end":{"line":48,"column":20}},"loc":{"start":{"line":48,"column":31},"end":{"line":50,"column":1}},"line":48},"5":{"name":"(anonymous_5)","decl":{"start":{"line":51,"column":11},"end":{"line":51,"column":12}},"loc":{"start":{"line":51,"column":26},"end":{"line":61,"column":1}},"line":51},"6":{"name":"(anonymous_6)","decl":{"start":{"line":63,"column":14},"end":{"line":63,"column":15}},"loc":{"start":{"line":63,"column":32},"end":{"line":71,"column":2}},"line":63},"7":{"name":"(anonymous_7)","decl":{"start":{"line":63,"column":44},"end":{"line":63,"column":45}},"loc":{"start":{"line":63,"column":65},"end":{"line":71,"column":1}},"line":63},"8":{"name":"(anonymous_8)","decl":{"start":{"line":66,"column":14},"end":{"line":66,"column":15}},"loc":{"start":{"line":66,"column":26},"end":{"line":66,"column":41}},"line":66},"9":{"name":"(anonymous_9)","decl":{"start":{"line":67,"column":15},"end":{"line":67,"column":16}},"loc":{"start":{"line":67,"column":24},"end":{"line":70,"column":9}},"line":67},"10":{"name":"(anonymous_10)","decl":{"start":{"line":73,"column":11},"end":{"line":73,"column":12}},"loc":{"start":{"line":73,"column":27},"end":{"line":90,"column":1}},"line":73},"11":{"name":"(anonymous_11)","decl":{"start":{"line":81,"column":7},"end":{"line":81,"column":8}},"loc":{"start":{"line":81,"column":34},"end":{"line":89,"column":5}},"line":81},"12":{"name":"(anonymous_12)","decl":{"start":{"line":85,"column":72},"end":{"line":85,"column":73}},"loc":{"start":{"line":85,"column":81},"end":{"line":87,"column":13}},"line":85},"13":{"name":"(anonymous_13)","decl":{"start":{"line":92,"column":20},"end":{"line":92,"column":21}},"loc":{"start":{"line":92,"column":36},"end":{"line":126,"column":1}},"line":92},"14":{"name":"(anonymous_14)","decl":{"start":{"line":128,"column":14},"end":{"line":128,"column":15}},"loc":{"start":{"line":128,"column":28},"end":{"line":130,"column":1}},"line":128},"15":{"name":"(anonymous_15)","decl":{"start":{"line":129,"column":23},"end":{"line":129,"column":24}},"loc":{"start":{"line":129,"column":34},"end":{"line":129,"column":57}},"line":129},"16":{"name":"(anonymous_16)","decl":{"start":{"line":132,"column":17},"end":{"line":132,"column":18}},"loc":{"start":{"line":132,"column":34},"end":{"line":179,"column":1}},"line":132},"17":{"name":"(anonymous_17)","decl":{"start":{"line":181,"column":15},"end":{"line":181,"column":16}},"loc":{"start":{"line":181,"column":30},"end":{"line":191,"column":2}},"line":181},"18":{"name":"(anonymous_18)","decl":{"start":{"line":181,"column":42},"end":{"line":181,"column":43}},"loc":{"start":{"line":181,"column":63},"end":{"line":191,"column":1}},"line":181},"19":{"name":"(anonymous_19)","decl":{"start":{"line":186,"column":14},"end":{"line":186,"column":15}},"loc":{"start":{"line":186,"column":26},"end":{"line":186,"column":41}},"line":186},"20":{"name":"(anonymous_20)","decl":{"start":{"line":187,"column":15},"end":{"line":187,"column":16}},"loc":{"start":{"line":187,"column":24},"end":{"line":190,"column":9}},"line":187}},"branchMap":{"0":{"loc":{"start":{"line":13,"column":4},"end":{"line":13,"column":84}},"type":"if","locations":[{"start":{"line":13,"column":4},"end":{"line":13,"column":84}},{"start":{},"end":{}}],"line":13},"1":{"loc":{"start":{"line":15,"column":4},"end":{"line":15,"column":81}},"type":"if","locations":[{"start":{"line":15,"column":4},"end":{"line":15,"column":81}},{"start":{},"end":{}}],"line":15},"2":{"loc":{"start":{"line":30,"column":4},"end":{"line":30,"column":84}},"type":"if","locations":[{"start":{"line":30,"column":4},"end":{"line":30,"column":84}},{"start":{},"end":{}}],"line":30},"3":{"loc":{"start":{"line":32,"column":4},"end":{"line":32,"column":46}},"type":"if","locations":[{"start":{"line":32,"column":4},"end":{"line":32,"column":46}},{"start":{},"end":{}}],"line":32},"4":{"loc":{"start":{"line":35,"column":34},"end":{"line":35,"column":60}},"type":"default-arg","locations":[{"start":{"line":35,"column":43},"end":{"line":35,"column":60}}],"line":35},"5":{"loc":{"start":{"line":35,"column":62},"end":{"line":35,"column":77}},"type":"default-arg","locations":[{"start":{"line":35,"column":69},"end":{"line":35,"column":77}}],"line":35},"6":{"loc":{"start":{"line":38,"column":4},"end":{"line":38,"column":83}},"type":"if","locations":[{"start":{"line":38,"column":4},"end":{"line":38,"column":83}},{"start":{},"end":{}}],"line":38},"7":{"loc":{"start":{"line":40,"column":4},"end":{"line":45,"column":5}},"type":"if","locations":[{"start":{"line":40,"column":4},"end":{"line":45,"column":5}},{"start":{},"end":{}}],"line":40},"8":{"loc":{"start":{"line":41,"column":8},"end":{"line":44,"column":9}},"type":"if","locations":[{"start":{"line":41,"column":8},"end":{"line":44,"column":9}},{"start":{},"end":{}}],"line":41},"9":{"loc":{"start":{"line":53,"column":4},"end":{"line":53,"column":83}},"type":"if","locations":[{"start":{"line":53,"column":4},"end":{"line":53,"column":83}},{"start":{},"end":{}}],"line":53},"10":{"loc":{"start":{"line":55,"column":4},"end":{"line":57,"column":5}},"type":"if","locations":[{"start":{"line":55,"column":4},"end":{"line":57,"column":5}},{"start":{},"end":{}}],"line":55},"11":{"loc":{"start":{"line":82,"column":8},"end":{"line":88,"column":9}},"type":"if","locations":[{"start":{"line":82,"column":8},"end":{"line":88,"column":9}},{"start":{"line":84,"column":15},"end":{"line":88,"column":9}}],"line":82},"12":{"loc":{"start":{"line":94,"column":4},"end":{"line":125,"column":5}},"type":"switch","locations":[{"start":{"line":95,"column":8},"end":{"line":100,"column":17}},{"start":{"line":101,"column":8},"end":{"line":106,"column":17}},{"start":{"line":107,"column":8},"end":{"line":112,"column":17}},{"start":{"line":113,"column":8},"end":{"line":118,"column":17}},{"start":{"line":119,"column":8},"end":{"line":124,"column":17}}],"line":94},"13":{"loc":{"start":{"line":97,"column":12},"end":{"line":97,"column":83}},"type":"if","locations":[{"start":{"line":97,"column":12},"end":{"line":97,"column":83}},{"start":{},"end":{}}],"line":97},"14":{"loc":{"start":{"line":103,"column":12},"end":{"line":103,"column":87}},"type":"if","locations":[{"start":{"line":103,"column":12},"end":{"line":103,"column":87}},{"start":{},"end":{}}],"line":103},"15":{"loc":{"start":{"line":109,"column":12},"end":{"line":109,"column":85}},"type":"if","locations":[{"start":{"line":109,"column":12},"end":{"line":109,"column":85}},{"start":{},"end":{}}],"line":109},"16":{"loc":{"start":{"line":115,"column":12},"end":{"line":115,"column":83}},"type":"if","locations":[{"start":{"line":115,"column":12},"end":{"line":115,"column":83}},{"start":{},"end":{}}],"line":115},"17":{"loc":{"start":{"line":121,"column":12},"end":{"line":121,"column":83}},"type":"if","locations":[{"start":{"line":121,"column":12},"end":{"line":121,"column":83}},{"start":{},"end":{}}],"line":121},"18":{"loc":{"start":{"line":134,"column":4},"end":{"line":134,"column":35}},"type":"if","locations":[{"start":{"line":134,"column":4},"end":{"line":134,"column":35}},{"start":{},"end":{}}],"line":134},"19":{"loc":{"start":{"line":135,"column":4},"end":{"line":178,"column":5}},"type":"switch","locations":[{"start":{"line":136,"column":8},"end":{"line":138,"column":17}},{"start":{"line":139,"column":8},"end":{"line":141,"column":17}},{"start":{"line":142,"column":8},"end":{"line":144,"column":17}},{"start":{"line":145,"column":8},"end":{"line":147,"column":17}},{"start":{"line":148,"column":8},"end":{"line":150,"column":17}},{"start":{"line":151,"column":8},"end":{"line":153,"column":17}},{"start":{"line":154,"column":8},"end":{"line":156,"column":17}},{"start":{"line":157,"column":8},"end":{"line":159,"column":17}},{"start":{"line":160,"column":8},"end":{"line":162,"column":17}},{"start":{"line":163,"column":8},"end":{"line":165,"column":17}},{"start":{"line":166,"column":8},"end":{"line":168,"column":17}},{"start":{"line":169,"column":8},"end":{"line":171,"column":17}},{"start":{"line":172,"column":8},"end":{"line":174,"column":17}},{"start":{"line":175,"column":8},"end":{"line":177,"column":17}}],"line":135}},"s":{"0":0,"1":0,"2":0,"3":0,"4":0,"5":0,"6":0,"7":0,"8":0,"9":0,"10":0,"11":0,"12":0,"13":0,"14":0,"15":0,"16":0,"17":0,"18":0,"19":0,"20":0,"21":0,"22":0,"23":0,"24":0,"25":0,"26":0,"27":0,"28":0,"29":0,"30":0,"31":0,"32":0,"33":0,"34":0,"35":0,"36":0,"37":0,"38":0,"39":0,"40":0,"41":0,"42":0,"43":0,"44":0,"45":0,"46":0,"47":0,"48":0,"49":0,"50":0,"51":0,"52":0,"53":0,"54":0,"55":0,"56":0,"57":0,"58":0,"59":0,"60":0,"61":0,"62":0,"63":0,"64":0,"65":0,"66":0,"67":0,"68":0,"69":0,"70":0,"71":0,"72":0,"73":0,"74":0,"75":0,"76":0,"77":0,"78":0,"79":0,"80":0,"81":0,"82":0,"83":0,"84":0,"85":0,"86":0,"87":0,"88":0,"89":0,"90":0,"91":0,"92":0,"93":0,"94":0,"95":0,"96":0,"97":0,"98":0,"99":0,"100":0,"101":0,"102":0,"103":0,"104":0,"105":0,"106":0,"107":0,"108":0,"109":0,"110":0,"111":0,"112":0,"113":0,"114":0,"115":0,"116":0,"117":0,"118":0,"119":0,"120":0,"121":0,"122":0,"123":0,"124":0,"125":0,"126":0,"127":0,"128":0,"129":0,"130":0,"131":0,"132":0,"133":0,"134":0,"135":0,"136":0,"137":0,"138":0,"139":0,"140":0,"141":0,"142":0,"143":0,"144":0,"145":0,"146":0,"147":0},"f":{"0":0,"1":0,"2":0,"3":0,"4":0,"5":0,"6":0,"7":0,"8":0,"9":0,"10":0,"11":0,"12":0,"13":0,"14":0,"15":0,"16":0,"17":0,"18":0,"19":0,"20":0},"b":{"0":[0,0],"1":[0,0],"2":[0,0],"3":[0,0],"4":[0],"5":[0],"6":[0,0],"7":[0,0],"8":[0,0],"9":[0,0],"10":[0,0],"11":[0,0],"12":[0,0,0,0,0],"13":[0,0],"14":[0,0],"15":[0,0],"16":[0,0],"17":[0,0],"18":[0,0],"19":[0,0,0,0,0,0,0,0,0,0,0,0,0,0]}}
,"/home/runner/work/forked-jsshn12-Bot-Js/forked-jsshn12-Bot-Js/lib/giphy.js": {"path":"/home/runner/work/forked-jsshn12-Bot-Js/forked-jsshn12-Bot-Js/lib/giphy.js","statementMap":{"0":{"start":{"line":1,"column":16},"end":{"line":1,"column":34}},"1":{"start":{"line":2,"column":11},"end":{"line":2,"column":30}},"2":{"start":{"line":3,"column":22},"end":{"line":26,"column":1}},"3":{"start":{"line":4,"column":19},"end":{"line":13,"column":5}},"4":{"start":{"line":14,"column":14},"end":{"line":18,"column":5}},"5":{"start":{"line":19,"column":14},"end":{"line":24,"column":6}},"6":{"start":{"line":20,"column":8},"end":{"line":23,"column":10}},"7":{"start":{"line":21,"column":12},"end":{"line":21,"column":87}},"8":{"start":{"line":21,"column":45},"end":{"line":21,"column":87}},"9":{"start":{"line":22,"column":12},"end":{"line":22,"column":83}},"10":{"start":{"line":25,"column":4},"end":{"line":25,"column":12}},"11":{"start":{"line":27,"column":13},"end":{"line":34,"column":1}},"12":{"start":{"line":28,"column":4},"end":{"line":33,"column":5}},"13":{"start":{"line":35,"column":0},"end":{"line":35,"column":19}},"14":{"start":{"line":36,"column":0},"end":{"line":36,"column":37}}},"fnMap":{"0":{"name":"(anonymous_0)","decl":{"start":{"line":3,"column":22},"end":{"line":3,"column":23}},"loc":{"start":{"line":3,"column":36},"end":{"line":26,"column":1}},"line":3},"1":{"name":"(anonymous_1)","decl":{"start":{"line":19,"column":26},"end":{"line":19,"column":27}},"loc":{"start":{"line":19,"column":47},"end":{"line":24,"column":5}},"line":19},"2":{"name":"(anonymous_2)","decl":{"start":{"line":20,"column":26},"end":{"line":20,"column":27}},"loc":{"start":{"line":20,"column":51},"end":{"line":23,"column":9}},"line":20},"3":{"name":"(anonymous_3)","decl":{"start":{"line":27,"column":13},"end":{"line":27,"column":14}},"loc":{"start":{"line":27,"column":19},"end":{"line":34,"column":1}},"line":27}},"branchMap":{"0":{"loc":{"start":{"line":21,"column":12},"end":{"line":21,"column":87}},"type":"if","locations":[{"start":{"line":21,"column":12},"end":{"line":21,"column":87}},{"start":{},"end":{}}],"line":21},"1":{"loc":{"start":{"line":21,"column":15},"end":{"line":21,"column":43}},"type":"binary-expr","locations":[{"start":{"line":21,"column":15},"end":{"line":21,"column":16}},{"start":{"line":21,"column":20},"end":{"line":21,"column":43}}],"line":21}},"s":{"0":0,"1":0,"2":0,"3":0,"4":0,"5":0,"6":0,"7":0,"8":0,"9":0,"10":0,"11":0,"12":0,"13":0,"14":0},"f":{"0":0,"1":0,"2":0,"3":0},"b":{"0":[0,0],"1":[0,0]}}
,"/home/runner/work/forked-jsshn12-Bot-Js/forked-jsshn12-Bot-Js/lib/help.js": {"path":"/home/runner/work/forked-jsshn12-Bot-Js/forked-jsshn12-Bot-Js/lib/help.js","statementMap":{"0":{"start":{"line":1,"column":14},"end":{"line":1,"column":32}},"1":{"start":{"line":3,"column":13},"end":{"line":3,"column":18}},"2":{"start":{"line":5,"column":4},"end":{"line":51,"column":9}},"3":{"start":{"line":53,"column":0},"end":{"line":53,"column":21}},"4":{"start":{"line":56,"column":2},"end":{"line":67,"column":9}},"5":{"start":{"line":69,"column":0},"end":{"line":69,"column":23}},"6":{"start":{"line":72,"column":2},"end":{"line":372,"column":10}},"7":{"start":{"line":374,"column":0},"end":{"line":374,"column":19}},"8":{"start":{"line":377,"column":2},"end":{"line":388,"column":61}},"9":{"start":{"line":390,"column":0},"end":{"line":390,"column":31}},"10":{"start":{"line":393,"column":4},"end":{"line":401,"column":23}},"11":{"start":{"line":404,"column":0},"end":{"line":404,"column":21}},"12":{"start":{"line":407,"column":2},"end":{"line":415,"column":23}},"13":{"start":{"line":418,"column":0},"end":{"line":418,"column":21}},"14":{"start":{"line":421,"column":4},"end":{"line":430,"column":9}},"15":{"start":{"line":432,"column":0},"end":{"line":432,"column":19}},"16":{"start":{"line":435,"column":4},"end":{"line":447,"column":20}},"17":{"start":{"line":449,"column":0},"end":{"line":449,"column":25}},"18":{"start":{"line":452,"column":4},"end":{"line":521,"column":20}},"19":{"start":{"line":523,"column":0},"end":{"line":523,"column":19}},"20":{"start":{"line":526,"column":4},"end":{"line":536,"column":28}},"21":{"start":{"line":538,"column":0},"end":{"line":538,"column":21}},"22":{"start":{"line":541,"column":4},"end":{"line":549,"column":20}},"23":{"start":{"line":551,"column":0},"end":{"line":551,"column":25}},"24":{"start":{"line":554,"column":4},"end":{"line":611,"column":20}},"25":{"start":{"line":614,"column":0},"end":{"line":614,"column":31}},"26":{"start":{"line":617,"column":2},"end":{"line":640,"column":50}},"27":{"start":{"line":642,"column":0},"end":{"line":642,"column":27}},"28":{"start":{"line":645,"column":4},"end":{"line":733,"column":34}},"29":{"start":{"line":735,"column":0},"end":{"line":735,"column":25}},"30":{"start":{"line":738,"column":2},"end":{"line":788,"column":16}},"31":{"start":{"line":790,"column":0},"end":{"line":790,"column":29}}},"fnMap":{"0":{"name":"help","decl":{"start":{"line":4,"column":9},"end":{"line":4,"column":13}},"loc":{"start":{"line":4,"column":16},"end":{"line":52,"column":1}},"line":4},"1":{"name":"iklan","decl":{"start":{"line":55,"column":9},"end":{"line":55,"column":14}},"loc":{"start":{"line":55,"column":17},"end":{"line":68,"column":1}},"line":55},"2":{"name":"cmd","decl":{"start":{"line":71,"column":9},"end":{"line":71,"column":12}},"loc":{"start":{"line":71,"column":15},"end":{"line":373,"column":1}},"line":71},"3":{"name":"peraturan","decl":{"start":{"line":376,"column":9},"end":{"line":376,"column":18}},"loc":{"start":{"line":376,"column":21},"end":{"line":389,"column":1}},"line":376},"4":{"name":"info","decl":{"start":{"line":392,"column":9},"end":{"line":392,"column":13}},"loc":{"start":{"line":392,"column":16},"end":{"line":402,"column":1}},"line":392},"5":{"name":"akun","decl":{"start":{"line":406,"column":9},"end":{"line":406,"column":13}},"loc":{"start":{"line":406,"column":16},"end":{"line":416,"column":1}},"line":406},"6":{"name":"snk","decl":{"start":{"line":420,"column":9},"end":{"line":420,"column":12}},"loc":{"start":{"line":420,"column":15},"end":{"line":431,"column":1}},"line":420},"7":{"name":"donasi","decl":{"start":{"line":434,"column":9},"end":{"line":434,"column":15}},"loc":{"start":{"line":434,"column":18},"end":{"line":448,"column":1}},"line":434},"8":{"name":"rdp","decl":{"start":{"line":451,"column":9},"end":{"line":451,"column":12}},"loc":{"start":{"line":451,"column":15},"end":{"line":522,"column":1}},"line":451},"9":{"name":"jasa","decl":{"start":{"line":525,"column":9},"end":{"line":525,"column":13}},"loc":{"start":{"line":525,"column":16},"end":{"line":537,"column":1}},"line":525},"10":{"name":"privat","decl":{"start":{"line":540,"column":9},"end":{"line":540,"column":15}},"loc":{"start":{"line":540,"column":18},"end":{"line":550,"column":1}},"line":540},"11":{"name":"freemusic","decl":{"start":{"line":553,"column":9},"end":{"line":553,"column":18}},"loc":{"start":{"line":553,"column":21},"end":{"line":613,"column":1}},"line":553},"12":{"name":"diamond","decl":{"start":{"line":616,"column":9},"end":{"line":616,"column":16}},"loc":{"start":{"line":616,"column":19},"end":{"line":641,"column":1}},"line":616},"13":{"name":"readme","decl":{"start":{"line":644,"column":9},"end":{"line":644,"column":15}},"loc":{"start":{"line":644,"column":18},"end":{"line":734,"column":1}},"line":644},"14":{"name":"preminfo","decl":{"start":{"line":737,"column":9},"end":{"line":737,"column":17}},"loc":{"start":{"line":737,"column":20},"end":{"line":789,"column":1}},"line":737}},"branchMap":{},"s":{"0":0,"1":0,"2":0,"3":0,"4":0,"5":0,"6":0,"7":0,"8":0,"9":0,"10":0,"11":0,"12":0,"13":0,"14":0,"15":0,"16":0,"17":0,"18":0,"19":0,"20":0,"21":0,"22":0,"23":0,"24":0,"25":0,"26":0,"27":0,"28":0,"29":0,"30":0,"31":0},"f":{"0":0,"1":0,"2":0,"3":0,"4":0,"5":0,"6":0,"7":0,"8":0,"9":0,"10":0,"11":0,"12":0,"13":0,"14":0},"b":{}}
,"/home/runner/work/forked-jsshn12-Bot-Js/forked-jsshn12-Bot-Js/lib/imageProcessing.js": {"path":"/home/runner/work/forked-jsshn12-Bot-Js/forked-jsshn12-Bot-Js/lib/imageProcessing.js","statementMap":{"0":{"start":{"line":1,"column":14},"end":{"line":1,"column":30}},"1":{"start":{"line":2,"column":23},"end":{"line":2,"column":43}},"2":{"start":{"line":11,"column":0},"end":{"line":25,"column":2}},"3":{"start":{"line":11,"column":49},"end":{"line":25,"column":2}},"4":{"start":{"line":12,"column":4},"end":{"line":12,"column":37}},"5":{"start":{"line":13,"column":21},"end":{"line":13,"column":43}},"6":{"start":{"line":14,"column":4},"end":{"line":24,"column":38}},"7":{"start":{"line":18,"column":12},"end":{"line":18,"column":59}},"8":{"start":{"line":18,"column":25},"end":{"line":18,"column":59}},"9":{"start":{"line":19,"column":12},"end":{"line":19,"column":67}},"10":{"start":{"line":20,"column":37},"end":{"line":20,"column":74}},"11":{"start":{"line":21,"column":34},"end":{"line":21,"column":75}},"12":{"start":{"line":22,"column":12},"end":{"line":22,"column":34}},"13":{"start":{"line":24,"column":24},"end":{"line":24,"column":37}}},"fnMap":{"0":{"name":"(anonymous_0)","decl":{"start":{"line":11,"column":31},"end":{"line":11,"column":32}},"loc":{"start":{"line":11,"column":49},"end":{"line":25,"column":2}},"line":11},"1":{"name":"(anonymous_1)","decl":{"start":{"line":11,"column":61},"end":{"line":11,"column":62}},"loc":{"start":{"line":11,"column":88},"end":{"line":25,"column":1}},"line":11},"2":{"name":"(anonymous_2)","decl":{"start":{"line":17,"column":14},"end":{"line":17,"column":15}},"loc":{"start":{"line":17,"column":36},"end":{"line":23,"column":9}},"line":17},"3":{"name":"(anonymous_3)","decl":{"start":{"line":24,"column":15},"end":{"line":24,"column":16}},"loc":{"start":{"line":24,"column":24},"end":{"line":24,"column":37}},"line":24}},"branchMap":{"0":{"loc":{"start":{"line":18,"column":12},"end":{"line":18,"column":59}},"type":"if","locations":[{"start":{"line":18,"column":12},"end":{"line":18,"column":59}},{"start":{},"end":{}}],"line":18}},"s":{"0":0,"1":0,"2":0,"3":0,"4":0,"5":0,"6":0,"7":0,"8":0,"9":0,"10":0,"11":0,"12":0,"13":0},"f":{"0":0,"1":0,"2":0,"3":0},"b":{"0":[0,0]}}
,"/home/runner/work/forked-jsshn12-Bot-Js/forked-jsshn12-Bot-Js/lib/images.js": {"path":"/home/runner/work/forked-jsshn12-Bot-Js/forked-jsshn12-Bot-Js/lib/images.js","statementMap":{"0":{"start":{"line":1,"column":28},"end":{"line":1,"column":46}},"1":{"start":{"line":2,"column":22},"end":{"line":2,"column":49}},"2":{"start":{"line":10,"column":14},"end":{"line":19,"column":3}},"3":{"start":{"line":10,"column":30},"end":{"line":19,"column":3}},"4":{"start":{"line":11,"column":5},"end":{"line":18,"column":10}},"5":{"start":{"line":13,"column":28},"end":{"line":13,"column":58}},"6":{"start":{"line":14,"column":12},"end":{"line":14,"column":36}},"7":{"start":{"line":17,"column":12},"end":{"line":17,"column":23}},"8":{"start":{"line":29,"column":15},"end":{"line":39,"column":3}},"9":{"start":{"line":29,"column":48},"end":{"line":39,"column":3}},"10":{"start":{"line":30,"column":15},"end":{"line":30,"column":63}},"11":{"start":{"line":31,"column":5},"end":{"line":37,"column":7}},"12":{"start":{"line":33,"column":12},"end":{"line":33,"column":31}},"13":{"start":{"line":36,"column":13},"end":{"line":36,"column":24}},"14":{"start":{"line":47,"column":17},"end":{"line":55,"column":3}},"15":{"start":{"line":47,"column":35},"end":{"line":55,"column":3}},"16":{"start":{"line":48,"column":5},"end":{"line":54,"column":9}},"17":{"start":{"line":50,"column":11},"end":{"line":50,"column":28}},"18":{"start":{"line":53,"column":11},"end":{"line":53,"column":23}},"19":{"start":{"line":57,"column":0},"end":{"line":61,"column":1}}},"fnMap":{"0":{"name":"(anonymous_0)","decl":{"start":{"line":10,"column":14},"end":{"line":10,"column":15}},"loc":{"start":{"line":10,"column":30},"end":{"line":19,"column":3}},"line":10},"1":{"name":"(anonymous_1)","decl":{"start":{"line":10,"column":42},"end":{"line":10,"column":43}},"loc":{"start":{"line":10,"column":63},"end":{"line":19,"column":2}},"line":10},"2":{"name":"(anonymous_2)","decl":{"start":{"line":12,"column":14},"end":{"line":12,"column":15}},"loc":{"start":{"line":12,"column":26},"end":{"line":15,"column":9}},"line":12},"3":{"name":"(anonymous_3)","decl":{"start":{"line":16,"column":15},"end":{"line":16,"column":16}},"loc":{"start":{"line":16,"column":24},"end":{"line":18,"column":9}},"line":16},"4":{"name":"(anonymous_4)","decl":{"start":{"line":29,"column":15},"end":{"line":29,"column":16}},"loc":{"start":{"line":29,"column":48},"end":{"line":39,"column":3}},"line":29},"5":{"name":"(anonymous_5)","decl":{"start":{"line":29,"column":60},"end":{"line":29,"column":61}},"loc":{"start":{"line":29,"column":81},"end":{"line":39,"column":2}},"line":29},"6":{"name":"(anonymous_6)","decl":{"start":{"line":32,"column":14},"end":{"line":32,"column":15}},"loc":{"start":{"line":32,"column":23},"end":{"line":34,"column":6}},"line":32},"7":{"name":"(anonymous_7)","decl":{"start":{"line":35,"column":15},"end":{"line":35,"column":16}},"loc":{"start":{"line":35,"column":24},"end":{"line":37,"column":6}},"line":35},"8":{"name":"(anonymous_8)","decl":{"start":{"line":47,"column":17},"end":{"line":47,"column":18}},"loc":{"start":{"line":47,"column":35},"end":{"line":55,"column":3}},"line":47},"9":{"name":"(anonymous_9)","decl":{"start":{"line":47,"column":47},"end":{"line":47,"column":48}},"loc":{"start":{"line":47,"column":68},"end":{"line":55,"column":2}},"line":47},"10":{"name":"(anonymous_10)","decl":{"start":{"line":49,"column":13},"end":{"line":49,"column":14}},"loc":{"start":{"line":49,"column":23},"end":{"line":51,"column":5}},"line":49},"11":{"name":"(anonymous_11)","decl":{"start":{"line":52,"column":14},"end":{"line":52,"column":15}},"loc":{"start":{"line":52,"column":24},"end":{"line":54,"column":8}},"line":52}},"branchMap":{},"s":{"0":0,"1":0,"2":0,"3":0,"4":0,"5":0,"6":0,"7":0,"8":0,"9":0,"10":0,"11":0,"12":0,"13":0,"14":0,"15":0,"16":0,"17":0,"18":0,"19":0},"f":{"0":0,"1":0,"2":0,"3":0,"4":0,"5":0,"6":0,"7":0,"8":0,"9":0,"10":0,"11":0},"b":{}}
,"/home/runner/work/forked-jsshn12-Bot-Js/forked-jsshn12-Bot-Js/lib/intro.js": {"path":"/home/runner/work/forked-jsshn12-Bot-Js/forked-jsshn12-Bot-Js/lib/intro.js","statementMap":{"0":{"start":{"line":1,"column":11},"end":{"line":1,"column":30}},"1":{"start":{"line":3,"column":0},"end":{"line":50,"column":1}},"2":{"start":{"line":5,"column":18},"end":{"line":5,"column":70}},"3":{"start":{"line":6,"column":19},"end":{"line":6,"column":45}},"4":{"start":{"line":7,"column":17},"end":{"line":7,"column":22}},"5":{"start":{"line":8,"column":15},"end":{"line":8,"column":52}},"6":{"start":{"line":9,"column":15},"end":{"line":9,"column":73}},"7":{"start":{"line":10,"column":4},"end":{"line":49,"column":5}},"8":{"start":{"line":11,"column":8},"end":{"line":46,"column":13}},"9":{"start":{"line":12,"column":26},"end":{"line":12,"column":62}},"10":{"start":{"line":13,"column":26},"end":{"line":13,"column":60}},"11":{"start":{"line":14,"column":53},"end":{"line":14,"column":58}},"12":{"start":{"line":15,"column":25},"end":{"line":15,"column":72}},"13":{"start":{"line":16,"column":25},"end":{"line":44,"column":18}},"14":{"start":{"line":45,"column":15},"end":{"line":45,"column":54}},"15":{"start":{"line":48,"column":8},"end":{"line":48,"column":24}}},"fnMap":{"0":{"name":"(anonymous_0)","decl":{"start":{"line":3,"column":25},"end":{"line":3,"column":26}},"loc":{"start":{"line":3,"column":50},"end":{"line":50,"column":1}},"line":3}},"branchMap":{"0":{"loc":{"start":{"line":11,"column":8},"end":{"line":46,"column":13}},"type":"if","locations":[{"start":{"line":11,"column":8},"end":{"line":46,"column":13}},{"start":{},"end":{}}],"line":11},"1":{"loc":{"start":{"line":11,"column":12},"end":{"line":11,"column":44}},"type":"binary-expr","locations":[{"start":{"line":11,"column":12},"end":{"line":11,"column":33}},{"start":{"line":11,"column":37},"end":{"line":11,"column":44}}],"line":11}},"s":{"0":0,"1":0,"2":0,"3":0,"4":0,"5":0,"6":0,"7":0,"8":0,"9":0,"10":0,"11":0,"12":0,"13":0,"14":0,"15":0},"f":{"0":0},"b":{"0":[0,0],"1":[0,0]}}
,"/home/runner/work/forked-jsshn12-Bot-Js/forked-jsshn12-Bot-Js/lib/left.js": {"path":"/home/runner/work/forked-jsshn12-Bot-Js/forked-jsshn12-Bot-Js/lib/left.js","statementMap":{"0":{"start":{"line":1,"column":11},"end":{"line":1,"column":30}},"1":{"start":{"line":3,"column":0},"end":{"line":24,"column":1}},"2":{"start":{"line":5,"column":17},"end":{"line":5,"column":68}},"3":{"start":{"line":6,"column":19},"end":{"line":6,"column":44}},"4":{"start":{"line":7,"column":4},"end":{"line":23,"column":5}},"5":{"start":{"line":8,"column":8},"end":{"line":20,"column":9}},"6":{"start":{"line":9,"column":26},"end":{"line":9,"column":62}},"7":{"start":{"line":10,"column":26},"end":{"line":10,"column":60}},"8":{"start":{"line":11,"column":53},"end":{"line":11,"column":58}},"9":{"start":{"line":12,"column":25},"end":{"line":12,"column":72}},"10":{"start":{"line":13,"column":25},"end":{"line":13,"column":75}},"11":{"start":{"line":14,"column":12},"end":{"line":19,"column":13}},"12":{"start":{"line":15,"column":16},"end":{"line":15,"column":182}},"13":{"start":{"line":17,"column":16},"end":{"line":17,"column":77}},"14":{"start":{"line":18,"column":20},"end":{"line":18,"column":65}},"15":{"start":{"line":22,"column":8},"end":{"line":22,"column":24}}},"fnMap":{"0":{"name":"(anonymous_0)","decl":{"start":{"line":3,"column":24},"end":{"line":3,"column":25}},"loc":{"start":{"line":3,"column":49},"end":{"line":24,"column":1}},"line":3}},"branchMap":{"0":{"loc":{"start":{"line":8,"column":8},"end":{"line":20,"column":9}},"type":"if","locations":[{"start":{"line":8,"column":8},"end":{"line":20,"column":9}},{"start":{},"end":{}}],"line":8},"1":{"loc":{"start":{"line":8,"column":12},"end":{"line":8,"column":44}},"type":"binary-expr","locations":[{"start":{"line":8,"column":12},"end":{"line":8,"column":36}},{"start":{"line":8,"column":40},"end":{"line":8,"column":44}}],"line":8},"2":{"loc":{"start":{"line":14,"column":12},"end":{"line":19,"column":13}},"type":"if","locations":[{"start":{"line":14,"column":12},"end":{"line":19,"column":13}},{"start":{"line":16,"column":19},"end":{"line":19,"column":13}}],"line":14},"3":{"loc":{"start":{"line":14,"column":16},"end":{"line":14,"column":47}},"type":"binary-expr","locations":[{"start":{"line":14,"column":16},"end":{"line":14,"column":26}},{"start":{"line":14,"column":30},"end":{"line":14,"column":47}}],"line":14}},"s":{"0":0,"1":0,"2":0,"3":0,"4":0,"5":0,"6":0,"7":0,"8":0,"9":0,"10":0,"11":0,"12":0,"13":0,"14":0,"15":0},"f":{"0":0},"b":{"0":[0,0],"1":[0,0],"2":[0,0],"3":[0,0]}}
,"/home/runner/work/forked-jsshn12-Bot-Js/forked-jsshn12-Bot-Js/lib/msgFilter.js": {"path":"/home/runner/work/forked-jsshn12-Bot-Js/forked-jsshn12-Bot-Js/lib/msgFilter.js","statementMap":{"0":{"start":{"line":1,"column":28},"end":{"line":1,"column":37}},"1":{"start":{"line":7,"column":19},"end":{"line":7,"column":60}},"2":{"start":{"line":7,"column":29},"end":{"line":7,"column":60}},"3":{"start":{"line":13,"column":18},"end":{"line":16,"column":1}},"4":{"start":{"line":14,"column":4},"end":{"line":14,"column":33}},"5":{"start":{"line":15,"column":4},"end":{"line":15,"column":60}},"6":{"start":{"line":15,"column":21},"end":{"line":15,"column":53}},"7":{"start":{"line":18,"column":0},"end":{"line":21,"column":1}}},"fnMap":{"0":{"name":"(anonymous_0)","decl":{"start":{"line":7,"column":19},"end":{"line":7,"column":20}},"loc":{"start":{"line":7,"column":29},"end":{"line":7,"column":60}},"line":7},"1":{"name":"(anonymous_1)","decl":{"start":{"line":13,"column":18},"end":{"line":13,"column":19}},"loc":{"start":{"line":13,"column":28},"end":{"line":16,"column":1}},"line":13},"2":{"name":"(anonymous_2)","decl":{"start":{"line":15,"column":15},"end":{"line":15,"column":16}},"loc":{"start":{"line":15,"column":21},"end":{"line":15,"column":53}},"line":15}},"branchMap":{},"s":{"0":0,"1":0,"2":0,"3":0,"4":0,"5":0,"6":0,"7":0},"f":{"0":0,"1":0,"2":0},"b":{}}
,"/home/runner/work/forked-jsshn12-Bot-Js/forked-jsshn12-Bot-Js/lib/nekopoi.js": {"path":"/home/runner/work/forked-jsshn12-Bot-Js/forked-jsshn12-Bot-Js/lib/nekopoi.js","statementMap":{"0":{"start":{"line":7,"column":14},"end":{"line":7,"column":30}},"1":{"start":{"line":8,"column":16},"end":{"line":8,"column":34}},"2":{"start":{"line":11,"column":4},"end":{"line":39,"column":10}},"3":{"start":{"line":12,"column":24},"end":{"line":12,"column":45}},"4":{"start":{"line":13,"column":12},"end":{"line":38,"column":18}},"5":{"start":{"line":15,"column":34},"end":{"line":15,"column":36}},"6":{"start":{"line":16,"column":33},"end":{"line":16,"column":35}},"7":{"start":{"line":17,"column":34},"end":{"line":17,"column":36}},"8":{"start":{"line":18,"column":33},"end":{"line":18,"column":35}},"9":{"start":{"line":19,"column":33},"end":{"line":19,"column":55}},"10":{"start":{"line":20,"column":20},"end":{"line":26,"column":22}},"11":{"start":{"line":21,"column":24},"end":{"line":24,"column":26}},"12":{"start":{"line":22,"column":28},"end":{"line":22,"column":71}},"13":{"start":{"line":23,"column":28},"end":{"line":23,"column":69}},"14":{"start":{"line":25,"column":24},"end":{"line":25,"column":67}},"15":{"start":{"line":27,"column":20},"end":{"line":37,"column":21}},"16":{"start":{"line":28,"column":24},"end":{"line":28,"column":45}},"17":{"start":{"line":30,"column":32},"end":{"line":30,"column":72}},"18":{"start":{"line":31,"column":35},"end":{"line":35,"column":25}},"19":{"start":{"line":36,"column":24},"end":{"line":36,"column":37}},"20":{"start":{"line":48,"column":4},"end":{"line":71,"column":10}},"21":{"start":{"line":49,"column":12},"end":{"line":70,"column":18}},"22":{"start":{"line":51,"column":20},"end":{"line":69,"column":21}},"23":{"start":{"line":52,"column":38},"end":{"line":52,"column":40}},"24":{"start":{"line":53,"column":35},"end":{"line":53,"column":57}},"25":{"start":{"line":54,"column":36},"end":{"line":54,"column":56}},"26":{"start":{"line":55,"column":24},"end":{"line":61,"column":26}},"27":{"start":{"line":56,"column":28},"end":{"line":60,"column":30}},"28":{"start":{"line":57,"column":32},"end":{"line":59,"column":34}},"29":{"start":{"line":58,"column":36},"end":{"line":58,"column":68}},"30":{"start":{"line":62,"column":37},"end":{"line":65,"column":25}},"31":{"start":{"line":66,"column":24},"end":{"line":66,"column":37}},"32":{"start":{"line":68,"column":24},"end":{"line":68,"column":48}},"33":{"start":{"line":74,"column":0},"end":{"line":77,"column":1}}},"fnMap":{"0":{"name":"getLatest","decl":{"start":{"line":10,"column":9},"end":{"line":10,"column":18}},"loc":{"start":{"line":10,"column":21},"end":{"line":40,"column":1}},"line":10},"1":{"name":"(anonymous_1)","decl":{"start":{"line":11,"column":23},"end":{"line":11,"column":24}},"loc":{"start":{"line":11,"column":50},"end":{"line":39,"column":9}},"line":11},"2":{"name":"(anonymous_2)","decl":{"start":{"line":14,"column":22},"end":{"line":14,"column":23}},"loc":{"start":{"line":14,"column":29},"end":{"line":38,"column":17}},"line":14},"3":{"name":"(anonymous_3)","decl":{"start":{"line":20,"column":45},"end":{"line":20,"column":46}},"loc":{"start":{"line":20,"column":61},"end":{"line":26,"column":21}},"line":20},"4":{"name":"(anonymous_4)","decl":{"start":{"line":21,"column":48},"end":{"line":21,"column":49}},"loc":{"start":{"line":21,"column":64},"end":{"line":24,"column":25}},"line":21},"5":{"name":"getVideo","decl":{"start":{"line":47,"column":9},"end":{"line":47,"column":17}},"loc":{"start":{"line":47,"column":23},"end":{"line":72,"column":1}},"line":47},"6":{"name":"(anonymous_6)","decl":{"start":{"line":48,"column":23},"end":{"line":48,"column":24}},"loc":{"start":{"line":48,"column":50},"end":{"line":71,"column":9}},"line":48},"7":{"name":"(anonymous_7)","decl":{"start":{"line":50,"column":22},"end":{"line":50,"column":23}},"loc":{"start":{"line":50,"column":29},"end":{"line":70,"column":17}},"line":50},"8":{"name":"(anonymous_8)","decl":{"start":{"line":55,"column":47},"end":{"line":55,"column":48}},"loc":{"start":{"line":55,"column":63},"end":{"line":61,"column":25}},"line":55},"9":{"name":"(anonymous_9)","decl":{"start":{"line":56,"column":62},"end":{"line":56,"column":63}},"loc":{"start":{"line":56,"column":78},"end":{"line":60,"column":29}},"line":56},"10":{"name":"(anonymous_10)","decl":{"start":{"line":57,"column":55},"end":{"line":57,"column":56}},"loc":{"start":{"line":57,"column":71},"end":{"line":59,"column":33}},"line":57}},"branchMap":{"0":{"loc":{"start":{"line":27,"column":20},"end":{"line":37,"column":21}},"type":"if","locations":[{"start":{"line":27,"column":20},"end":{"line":37,"column":21}},{"start":{"line":29,"column":27},"end":{"line":37,"column":21}}],"line":27}},"s":{"0":0,"1":0,"2":0,"3":0,"4":0,"5":0,"6":0,"7":0,"8":0,"9":0,"10":0,"11":0,"12":0,"13":0,"14":0,"15":0,"16":0,"17":0,"18":0,"19":0,"20":0,"21":0,"22":0,"23":0,"24":0,"25":0,"26":0,"27":0,"28":0,"29":0,"30":0,"31":0,"32":0,"33":0},"f":{"0":0,"1":0,"2":0,"3":0,"4":0,"5":0,"6":0,"7":0,"8":0,"9":0,"10":0},"b":{"0":[0,0]}}
,"/home/runner/work/forked-jsshn12-Bot-Js/forked-jsshn12-Bot-Js/lib/quote.js": {"path":"/home/runner/work/forked-jsshn12-Bot-Js/forked-jsshn12-Bot-Js/lib/quote.js","statementMap":{"0":{"start":{"line":1,"column":11},"end":{"line":1,"column":24}},"1":{"start":{"line":3,"column":0},"end":{"line":9,"column":2}},"2":{"start":{"line":4,"column":15},"end":{"line":4,"column":50}},"3":{"start":{"line":5,"column":19},"end":{"line":5,"column":35}},"4":{"start":{"line":6,"column":20},"end":{"line":6,"column":63}},"5":{"start":{"line":7,"column":18},"end":{"line":7,"column":37}},"6":{"start":{"line":8,"column":2},"end":{"line":8,"column":44}}},"fnMap":{"0":{"name":"(anonymous_0)","decl":{"start":{"line":3,"column":17},"end":{"line":3,"column":18}},"loc":{"start":{"line":3,"column":23},"end":{"line":9,"column":1}},"line":3}},"branchMap":{},"s":{"0":0,"1":0,"2":0,"3":0,"4":0,"5":0,"6":0},"f":{"0":0},"b":{}}
,"/home/runner/work/forked-jsshn12-Bot-Js/forked-jsshn12-Bot-Js/lib/resep.js": {"path":"/home/runner/work/forked-jsshn12-Bot-Js/forked-jsshn12-Bot-Js/lib/resep.js","statementMap":{"0":{"start":{"line":1,"column":14},"end":{"line":1,"column":30}},"1":{"start":{"line":2,"column":28},"end":{"line":2,"column":46}},"2":{"start":{"line":4,"column":14},"end":{"line":25,"column":2}},"3":{"start":{"line":4,"column":30},"end":{"line":25,"column":2}},"4":{"start":{"line":5,"column":4},"end":{"line":24,"column":6}},"5":{"start":{"line":7,"column":28},"end":{"line":7,"column":42}},"6":{"start":{"line":8,"column":23},"end":{"line":8,"column":53}},"7":{"start":{"line":9,"column":8},"end":{"line":19,"column":10}},"8":{"start":{"line":11,"column":32},"end":{"line":11,"column":49}},"9":{"start":{"line":12,"column":29},"end":{"line":12,"column":58}},"10":{"start":{"line":13,"column":26},"end":{"line":13,"column":53}},"11":{"start":{"line":14,"column":29},"end":{"line":14,"column":52}},"12":{"start":{"line":15,"column":29},"end":{"line":15,"column":56}},"13":{"start":{"line":16,"column":26},"end":{"line":16,"column":54}},"14":{"start":{"line":17,"column":26},"end":{"line":17,"column":275}},"15":{"start":{"line":18,"column":12},"end":{"line":18,"column":26}},"16":{"start":{"line":22,"column":8},"end":{"line":22,"column":24}},"17":{"start":{"line":23,"column":8},"end":{"line":23,"column":19}},"18":{"start":{"line":27,"column":0},"end":{"line":29,"column":1}}},"fnMap":{"0":{"name":"(anonymous_0)","decl":{"start":{"line":4,"column":14},"end":{"line":4,"column":15}},"loc":{"start":{"line":4,"column":30},"end":{"line":25,"column":2}},"line":4},"1":{"name":"(anonymous_1)","decl":{"start":{"line":4,"column":42},"end":{"line":4,"column":43}},"loc":{"start":{"line":4,"column":63},"end":{"line":25,"column":1}},"line":4},"2":{"name":"(anonymous_2)","decl":{"start":{"line":6,"column":10},"end":{"line":6,"column":11}},"loc":{"start":{"line":6,"column":25},"end":{"line":20,"column":5}},"line":6},"3":{"name":"(anonymous_3)","decl":{"start":{"line":10,"column":14},"end":{"line":10,"column":15}},"loc":{"start":{"line":10,"column":32},"end":{"line":19,"column":9}},"line":10},"4":{"name":"(anonymous_4)","decl":{"start":{"line":21,"column":11},"end":{"line":21,"column":12}},"loc":{"start":{"line":21,"column":20},"end":{"line":24,"column":5}},"line":21}},"branchMap":{},"s":{"0":0,"1":0,"2":0,"3":0,"4":0,"5":0,"6":0,"7":0,"8":0,"9":0,"10":0,"11":0,"12":0,"13":0,"14":0,"15":0,"16":0,"17":0,"18":0},"f":{"0":0,"1":0,"2":0,"3":0,"4":0},"b":{}}
,"/home/runner/work/forked-jsshn12-Bot-Js/forked-jsshn12-Bot-Js/lib/rugaapi.js": {"path":"/home/runner/work/forked-jsshn12-Bot-Js/forked-jsshn12-Bot-Js/lib/rugaapi.js","statementMap":{"0":{"start":{"line":1,"column":14},"end":{"line":1,"column":30}},"1":{"start":{"line":2,"column":13},"end":{"line":2,"column":43}},"2":{"start":{"line":3,"column":15},"end":{"line":3,"column":98}},"3":{"start":{"line":4,"column":15},"end":{"line":4,"column":98}},"4":{"start":{"line":6,"column":18},"end":{"line":15,"column":2}},"5":{"start":{"line":6,"column":35},"end":{"line":15,"column":2}},"6":{"start":{"line":7,"column":2},"end":{"line":14,"column":4}},"7":{"start":{"line":9,"column":20},"end":{"line":9,"column":74}},"8":{"start":{"line":10,"column":4},"end":{"line":10,"column":50}},"9":{"start":{"line":13,"column":4},"end":{"line":13,"column":15}},"10":{"start":{"line":17,"column":18},"end":{"line":26,"column":2}},"11":{"start":{"line":17,"column":46},"end":{"line":26,"column":2}},"12":{"start":{"line":18,"column":4},"end":{"line":25,"column":6}},"13":{"start":{"line":20,"column":21},"end":{"line":20,"column":99}},"14":{"start":{"line":21,"column":8},"end":{"line":21,"column":21}},"15":{"start":{"line":24,"column":8},"end":{"line":24,"column":19}},"16":{"start":{"line":28,"column":17},"end":{"line":37,"column":2}},"17":{"start":{"line":28,"column":33},"end":{"line":37,"column":2}},"18":{"start":{"line":29,"column":2},"end":{"line":36,"column":4}},"19":{"start":{"line":31,"column":18},"end":{"line":31,"column":69}},"20":{"start":{"line":32,"column":4},"end":{"line":32,"column":48}},"21":{"start":{"line":35,"column":4},"end":{"line":35,"column":15}},"22":{"start":{"line":39,"column":15},"end":{"line":47,"column":2}},"23":{"start":{"line":39,"column":27},"end":{"line":47,"column":2}},"24":{"start":{"line":40,"column":2},"end":{"line":46,"column":4}},"25":{"start":{"line":42,"column":4},"end":{"line":42,"column":21}},"26":{"start":{"line":45,"column":4},"end":{"line":45,"column":15}},"27":{"start":{"line":49,"column":15},"end":{"line":58,"column":2}},"28":{"start":{"line":49,"column":27},"end":{"line":58,"column":2}},"29":{"start":{"line":50,"column":17},"end":{"line":50,"column":50}},"30":{"start":{"line":51,"column":2},"end":{"line":57,"column":4}},"31":{"start":{"line":53,"column":4},"end":{"line":53,"column":21}},"32":{"start":{"line":56,"column":4},"end":{"line":56,"column":15}},"33":{"start":{"line":60,"column":14},"end":{"line":70,"column":2}},"34":{"start":{"line":60,"column":26},"end":{"line":70,"column":2}},"35":{"start":{"line":61,"column":16},"end":{"line":61,"column":25}},"36":{"start":{"line":62,"column":17},"end":{"line":62,"column":64}},"37":{"start":{"line":63,"column":2},"end":{"line":69,"column":4}},"38":{"start":{"line":65,"column":4},"end":{"line":65,"column":21}},"39":{"start":{"line":68,"column":4},"end":{"line":68,"column":15}},"40":{"start":{"line":72,"column":14},"end":{"line":80,"column":2}},"41":{"start":{"line":72,"column":29},"end":{"line":80,"column":2}},"42":{"start":{"line":73,"column":4},"end":{"line":79,"column":6}},"43":{"start":{"line":75,"column":4},"end":{"line":75,"column":21}},"44":{"start":{"line":78,"column":8},"end":{"line":78,"column":19}},"45":{"start":{"line":82,"column":14},"end":{"line":90,"column":2}},"46":{"start":{"line":82,"column":29},"end":{"line":90,"column":2}},"47":{"start":{"line":83,"column":4},"end":{"line":89,"column":6}},"48":{"start":{"line":85,"column":4},"end":{"line":85,"column":21}},"49":{"start":{"line":88,"column":8},"end":{"line":88,"column":19}},"50":{"start":{"line":92,"column":11},"end":{"line":101,"column":2}},"51":{"start":{"line":92,"column":26},"end":{"line":101,"column":2}},"52":{"start":{"line":93,"column":2},"end":{"line":100,"column":6}},"53":{"start":{"line":95,"column":4},"end":{"line":95,"column":73}},"54":{"start":{"line":95,"column":24},"end":{"line":95,"column":73}},"55":{"start":{"line":96,"column":4},"end":{"line":96,"column":69}},"56":{"start":{"line":99,"column":8},"end":{"line":99,"column":19}},"57":{"start":{"line":103,"column":16},"end":{"line":113,"column":2}},"58":{"start":{"line":103,"column":31},"end":{"line":113,"column":2}},"59":{"start":{"line":104,"column":4},"end":{"line":112,"column":6}},"60":{"start":{"line":106,"column":4},"end":{"line":106,"column":47}},"61":{"start":{"line":106,"column":24},"end":{"line":106,"column":47}},"62":{"start":{"line":107,"column":21},"end":{"line":107,"column":212}},"63":{"start":{"line":108,"column":8},"end":{"line":108,"column":21}},"64":{"start":{"line":111,"column":8},"end":{"line":111,"column":19}},"65":{"start":{"line":115,"column":20},"end":{"line":124,"column":2}},"66":{"start":{"line":115,"column":35},"end":{"line":124,"column":2}},"67":{"start":{"line":116,"column":4},"end":{"line":123,"column":6}},"68":{"start":{"line":118,"column":4},"end":{"line":118,"column":163}},"69":{"start":{"line":118,"column":24},"end":{"line":118,"column":163}},"70":{"start":{"line":119,"column":8},"end":{"line":119,"column":42}},"71":{"start":{"line":122,"column":8},"end":{"line":122,"column":19}},"72":{"start":{"line":126,"column":14},"end":{"line":135,"column":2}},"73":{"start":{"line":126,"column":26},"end":{"line":135,"column":2}},"74":{"start":{"line":127,"column":4},"end":{"line":134,"column":6}},"75":{"start":{"line":129,"column":21},"end":{"line":129,"column":78}},"76":{"start":{"line":130,"column":8},"end":{"line":130,"column":21}},"77":{"start":{"line":133,"column":8},"end":{"line":133,"column":19}},"78":{"start":{"line":137,"column":13},"end":{"line":145,"column":2}},"79":{"start":{"line":137,"column":28},"end":{"line":145,"column":2}},"80":{"start":{"line":138,"column":4},"end":{"line":144,"column":6}},"81":{"start":{"line":140,"column":8},"end":{"line":140,"column":32}},"82":{"start":{"line":143,"column":8},"end":{"line":143,"column":19}},"83":{"start":{"line":147,"column":15},"end":{"line":155,"column":2}},"84":{"start":{"line":147,"column":27},"end":{"line":155,"column":2}},"85":{"start":{"line":148,"column":4},"end":{"line":154,"column":6}},"86":{"start":{"line":150,"column":8},"end":{"line":150,"column":32}},"87":{"start":{"line":153,"column":8},"end":{"line":153,"column":19}},"88":{"start":{"line":157,"column":21},"end":{"line":167,"column":2}},"89":{"start":{"line":157,"column":36},"end":{"line":167,"column":2}},"90":{"start":{"line":158,"column":4},"end":{"line":166,"column":6}},"91":{"start":{"line":160,"column":4},"end":{"line":160,"column":47}},"92":{"start":{"line":160,"column":24},"end":{"line":160,"column":47}},"93":{"start":{"line":161,"column":21},"end":{"line":161,"column":207}},"94":{"start":{"line":162,"column":8},"end":{"line":162,"column":21}},"95":{"start":{"line":165,"column":8},"end":{"line":165,"column":19}},"96":{"start":{"line":169,"column":14},"end":{"line":179,"column":2}},"97":{"start":{"line":169,"column":29},"end":{"line":179,"column":2}},"98":{"start":{"line":170,"column":4},"end":{"line":178,"column":6}},"99":{"start":{"line":172,"column":4},"end":{"line":172,"column":81}},"100":{"start":{"line":172,"column":39},"end":{"line":172,"column":81}},"101":{"start":{"line":173,"column":21},"end":{"line":173,"column":269}},"102":{"start":{"line":174,"column":8},"end":{"line":174,"column":21}},"103":{"start":{"line":177,"column":8},"end":{"line":177,"column":19}},"104":{"start":{"line":181,"column":14},"end":{"line":190,"column":2}},"105":{"start":{"line":181,"column":29},"end":{"line":190,"column":2}},"106":{"start":{"line":182,"column":4},"end":{"line":189,"column":6}},"107":{"start":{"line":184,"column":4},"end":{"line":184,"column":47}},"108":{"start":{"line":184,"column":24},"end":{"line":184,"column":47}},"109":{"start":{"line":185,"column":8},"end":{"line":185,"column":32}},"110":{"start":{"line":188,"column":8},"end":{"line":188,"column":19}},"111":{"start":{"line":192,"column":14},"end":{"line":200,"column":2}},"112":{"start":{"line":192,"column":30},"end":{"line":200,"column":2}},"113":{"start":{"line":193,"column":4},"end":{"line":199,"column":6}},"114":{"start":{"line":195,"column":8},"end":{"line":195,"column":37}},"115":{"start":{"line":198,"column":8},"end":{"line":198,"column":19}},"116":{"start":{"line":202,"column":17},"end":{"line":210,"column":2}},"117":{"start":{"line":202,"column":33},"end":{"line":210,"column":2}},"118":{"start":{"line":203,"column":2},"end":{"line":209,"column":4}},"119":{"start":{"line":205,"column":4},"end":{"line":205,"column":28}},"120":{"start":{"line":208,"column":4},"end":{"line":208,"column":15}},"121":{"start":{"line":212,"column":17},"end":{"line":221,"column":2}},"122":{"start":{"line":212,"column":42},"end":{"line":221,"column":2}},"123":{"start":{"line":213,"column":2},"end":{"line":220,"column":4}},"124":{"start":{"line":215,"column":18},"end":{"line":215,"column":137}},"125":{"start":{"line":216,"column":4},"end":{"line":216,"column":49}},"126":{"start":{"line":219,"column":4},"end":{"line":219,"column":15}},"127":{"start":{"line":223,"column":18},"end":{"line":232,"column":2}},"128":{"start":{"line":223,"column":30},"end":{"line":232,"column":2}},"129":{"start":{"line":224,"column":2},"end":{"line":231,"column":4}},"130":{"start":{"line":226,"column":18},"end":{"line":226,"column":258}},"131":{"start":{"line":227,"column":4},"end":{"line":227,"column":18}},"132":{"start":{"line":230,"column":4},"end":{"line":230,"column":15}},"133":{"start":{"line":234,"column":18},"end":{"line":242,"column":2}},"134":{"start":{"line":234,"column":37},"end":{"line":242,"column":2}},"135":{"start":{"line":235,"column":2},"end":{"line":241,"column":4}},"136":{"start":{"line":237,"column":4},"end":{"line":237,"column":28}},"137":{"start":{"line":240,"column":4},"end":{"line":240,"column":15}},"138":{"start":{"line":244,"column":14},"end":{"line":252,"column":2}},"139":{"start":{"line":244,"column":31},"end":{"line":252,"column":2}},"140":{"start":{"line":245,"column":2},"end":{"line":251,"column":4}},"141":{"start":{"line":247,"column":4},"end":{"line":247,"column":28}},"142":{"start":{"line":250,"column":4},"end":{"line":250,"column":15}},"143":{"start":{"line":254,"column":14},"end":{"line":264,"column":2}},"144":{"start":{"line":254,"column":31},"end":{"line":264,"column":2}},"145":{"start":{"line":255,"column":2},"end":{"line":263,"column":4}},"146":{"start":{"line":257,"column":4},"end":{"line":257,"column":81}},"147":{"start":{"line":257,"column":24},"end":{"line":257,"column":81}},"148":{"start":{"line":258,"column":20},"end":{"line":258,"column":159}},"149":{"start":{"line":259,"column":4},"end":{"line":259,"column":77}},"150":{"start":{"line":262,"column":4},"end":{"line":262,"column":15}},"151":{"start":{"line":266,"column":18},"end":{"line":274,"column":2}},"152":{"start":{"line":266,"column":37},"end":{"line":274,"column":2}},"153":{"start":{"line":267,"column":2},"end":{"line":273,"column":4}},"154":{"start":{"line":269,"column":4},"end":{"line":269,"column":28}},"155":{"start":{"line":272,"column":4},"end":{"line":272,"column":15}},"156":{"start":{"line":276,"column":15},"end":{"line":284,"column":2}},"157":{"start":{"line":276,"column":36},"end":{"line":284,"column":2}},"158":{"start":{"line":277,"column":2},"end":{"line":283,"column":10}},"159":{"start":{"line":279,"column":6},"end":{"line":279,"column":92}},"160":{"start":{"line":282,"column":12},"end":{"line":282,"column":23}},"161":{"start":{"line":286,"column":15},"end":{"line":296,"column":2}},"162":{"start":{"line":286,"column":30},"end":{"line":296,"column":2}},"163":{"start":{"line":287,"column":2},"end":{"line":295,"column":10}},"164":{"start":{"line":289,"column":6},"end":{"line":289,"column":92}},"165":{"start":{"line":289,"column":46},"end":{"line":289,"column":92}},"166":{"start":{"line":290,"column":21},"end":{"line":290,"column":60}},"167":{"start":{"line":291,"column":6},"end":{"line":291,"column":21}},"168":{"start":{"line":294,"column":12},"end":{"line":294,"column":23}},"169":{"start":{"line":298,"column":0},"end":{"line":326,"column":1}}},"fnMap":{"0":{"name":"(anonymous_0)","decl":{"start":{"line":6,"column":18},"end":{"line":6,"column":19}},"loc":{"start":{"line":6,"column":35},"end":{"line":15,"column":2}},"line":6},"1":{"name":"(anonymous_1)","decl":{"start":{"line":6,"column":47},"end":{"line":6,"column":48}},"loc":{"start":{"line":6,"column":68},"end":{"line":15,"column":1}},"line":6},"2":{"name":"(anonymous_2)","decl":{"start":{"line":8,"column":8},"end":{"line":8,"column":9}},"loc":{"start":{"line":8,"column":17},"end":{"line":11,"column":3}},"line":8},"3":{"name":"(anonymous_3)","decl":{"start":{"line":12,"column":9},"end":{"line":12,"column":10}},"loc":{"start":{"line":12,"column":18},"end":{"line":14,"column":3}},"line":12},"4":{"name":"(anonymous_4)","decl":{"start":{"line":17,"column":18},"end":{"line":17,"column":19}},"loc":{"start":{"line":17,"column":46},"end":{"line":26,"column":2}},"line":17},"5":{"name":"(anonymous_5)","decl":{"start":{"line":17,"column":58},"end":{"line":17,"column":59}},"loc":{"start":{"line":17,"column":79},"end":{"line":26,"column":1}},"line":17},"6":{"name":"(anonymous_6)","decl":{"start":{"line":19,"column":10},"end":{"line":19,"column":11}},"loc":{"start":{"line":19,"column":19},"end":{"line":22,"column":5}},"line":19},"7":{"name":"(anonymous_7)","decl":{"start":{"line":23,"column":11},"end":{"line":23,"column":12}},"loc":{"start":{"line":23,"column":19},"end":{"line":25,"column":5}},"line":23},"8":{"name":"(anonymous_8)","decl":{"start":{"line":28,"column":17},"end":{"line":28,"column":18}},"loc":{"start":{"line":28,"column":33},"end":{"line":37,"column":2}},"line":28},"9":{"name":"(anonymous_9)","decl":{"start":{"line":28,"column":45},"end":{"line":28,"column":46}},"loc":{"start":{"line":28,"column":66},"end":{"line":37,"column":1}},"line":28},"10":{"name":"(anonymous_10)","decl":{"start":{"line":30,"column":8},"end":{"line":30,"column":9}},"loc":{"start":{"line":30,"column":17},"end":{"line":33,"column":3}},"line":30},"11":{"name":"(anonymous_11)","decl":{"start":{"line":34,"column":9},"end":{"line":34,"column":10}},"loc":{"start":{"line":34,"column":18},"end":{"line":36,"column":3}},"line":34},"12":{"name":"(anonymous_12)","decl":{"start":{"line":39,"column":15},"end":{"line":39,"column":16}},"loc":{"start":{"line":39,"column":27},"end":{"line":47,"column":2}},"line":39},"13":{"name":"(anonymous_13)","decl":{"start":{"line":39,"column":39},"end":{"line":39,"column":40}},"loc":{"start":{"line":39,"column":60},"end":{"line":47,"column":1}},"line":39},"14":{"name":"(anonymous_14)","decl":{"start":{"line":41,"column":8},"end":{"line":41,"column":9}},"loc":{"start":{"line":41,"column":17},"end":{"line":43,"column":3}},"line":41},"15":{"name":"(anonymous_15)","decl":{"start":{"line":44,"column":9},"end":{"line":44,"column":10}},"loc":{"start":{"line":44,"column":18},"end":{"line":46,"column":3}},"line":44},"16":{"name":"(anonymous_16)","decl":{"start":{"line":49,"column":15},"end":{"line":49,"column":16}},"loc":{"start":{"line":49,"column":27},"end":{"line":58,"column":2}},"line":49},"17":{"name":"(anonymous_17)","decl":{"start":{"line":49,"column":39},"end":{"line":49,"column":40}},"loc":{"start":{"line":49,"column":60},"end":{"line":58,"column":1}},"line":49},"18":{"name":"(anonymous_18)","decl":{"start":{"line":52,"column":8},"end":{"line":52,"column":9}},"loc":{"start":{"line":52,"column":17},"end"
[...]
,"/home/runner/work/forked-jsshn12-Bot-Js/forked-jsshn12-Bot-Js/lib/ytmp4.js": {"path":"/home/runner/work/forked-jsshn12-Bot-Js/forked-jsshn12-Bot-Js/lib/ytmp4.js","statementMap":{"0":{"start":{"line":1,"column":18},"end":{"line":1,"column":38}},"1":{"start":{"line":2,"column":14},"end":{"line":2,"column":22}},"2":{"start":{"line":3,"column":14},"end":{"line":3,"column":19}},"3":{"start":{"line":4,"column":11},"end":{"line":4,"column":30}},"4":{"start":{"line":6,"column":0},"end":{"line":37,"column":1}},"5":{"start":{"line":7,"column":1},"end":{"line":34,"column":6}},"6":{"start":{"line":8,"column":18},"end":{"line":10,"column":4}},"7":{"start":{"line":11,"column":15},"end":{"line":11,"column":38}},"8":{"start":{"line":12,"column":2},"end":{"line":33,"column":5}},"9":{"start":{"line":17,"column":3},"end":{"line":17,"column":36}},"10":{"start":{"line":18,"column":3},"end":{"line":18,"column":37}},"11":{"start":{"line":19,"column":3},"end":{"line":19,"column":31}},"12":{"start":{"line":20,"column":3},"end":{"line":20,"column":59}},"13":{"start":{"line":20,"column":32},"end":{"line":20,"column":57}},"14":{"start":{"line":21,"column":19},"end":{"line":23,"column":5}},"15":{"start":{"line":24,"column":16},"end":{"line":24,"column":69}},"16":{"start":{"line":25,"column":19},"end":{"line":27,"column":4}},"17":{"start":{"line":28,"column":3},"end":{"line":28,"column":20}},"18":{"start":{"line":29,"column":3},"end":{"line":29,"column":19}},"19":{"start":{"line":32,"column":3},"end":{"line":32,"column":19}},"20":{"start":{"line":36,"column":1},"end":{"line":36,"column":26}}},"fnMap":{"0":{"name":"(anonymous_0)","decl":{"start":{"line":7,"column":2},"end":{"line":7,"column":3}},"loc":{"start":{"line":7,"column":14},"end":{"line":34,"column":2}},"line":7},"1":{"name":"(anonymous_1)","decl":{"start":{"line":16,"column":8},"end":{"line":16,"column":9}},"loc":{"start":{"line":16,"column":20},"end":{"line":30,"column":3}},"line":16},"2":{"name":"(anonymous_2)","decl":{"start":{"line":20,"column":21},"end":{"line":20,"column":22}},"loc":{"start":{"line":20,"column":32},"end":{"line":20,"column":57}},"line":20},"3":{"name":"(anonymous_3)","decl":{"start":{"line":31,"column":10},"end":{"line":31,"column":11}},"loc":{"start":{"line":31,"column":17},"end":{"line":33,"column":3}},"line":31}},"branchMap":{},"s":{"0":0,"1":0,"2":0,"3":0,"4":0,"5":0,"6":0,"7":0,"8":0,"9":0,"10":0,"11":0,"12":0,"13":0,"14":0,"15":0,"16":0,"17":0,"18":0,"19":0,"20":0},"f":{"0":0,"1":0,"2":0,"3":0},"b":{}}
,"/home/runner/work/forked-jsshn12-Bot-Js/forked-jsshn12-Bot-Js/utils/fetcher.js": {"path":"/home/runner/work/forked-jsshn12-Bot-Js/forked-jsshn12-Bot-Js/utils/fetcher.js","statementMap":{"0":{"start":{"line":1,"column":14},"end":{"line":1,"column":35}},"1":{"start":{"line":2,"column":17},"end":{"line":2,"column":37}},"2":{"start":{"line":3,"column":11},"end":{"line":3,"column":24}},"3":{"start":{"line":4,"column":23},"end":{"line":4,"column":43}},"4":{"start":{"line":5,"column":20},"end":{"line":5,"column":48}},"5":{"start":{"line":14,"column":18},"end":{"line":23,"column":5}},"6":{"start":{"line":15,"column":4},"end":{"line":23,"column":5}},"7":{"start":{"line":16,"column":8},"end":{"line":22,"column":14}},"8":{"start":{"line":17,"column":30},"end":{"line":17,"column":45}},"9":{"start":{"line":18,"column":26},"end":{"line":18,"column":39}},"10":{"start":{"line":20,"column":16},"end":{"line":20,"column":34}},"11":{"start":{"line":21,"column":16},"end":{"line":21,"column":27}},"12":{"start":{"line":32,"column":18},"end":{"line":42,"column":1}},"13":{"start":{"line":33,"column":4},"end":{"line":41,"column":6}},"14":{"start":{"line":34,"column":8},"end":{"line":40,"column":14}},"15":{"start":{"line":35,"column":30},"end":{"line":35,"column":45}},"16":{"start":{"line":36,"column":26},"end":{"line":36,"column":39}},"17":{"start":{"line":38,"column":16},"end":{"line":38,"column":34}},"18":{"start":{"line":39,"column":16},"end":{"line":39,"column":27}},"19":{"start":{"line":49,"column":20},"end":{"line":63,"column":1}},"20":{"start":{"line":50,"column":4},"end":{"line":62,"column":6}},"21":{"start":{"line":51,"column":8},"end":{"line":51,"column":44}},"22":{"start":{"line":52,"column":8},"end":{"line":61,"column":14}},"23":{"start":{"line":54,"column":34},"end":{"line":54,"column":77}},"24":{"start":{"line":55,"column":16},"end":{"line":56,"column":103}},"25":{"start":{"line":56,"column":38},"end":{"line":56,"column":102}},"26":{"start":{"line":59,"column":16},"end":{"line":59,"column":34}},"27":{"start":{"line":60,"column":16},"end":{"line":60,"column":27}},"28":{"start":{"line":72,"column":21},"end":{"line":97,"column":1}},"29":{"start":{"line":74,"column":4},"end":{"line":96,"column":6}},"30":{"start":{"line":75,"column":24},"end":{"line":75,"column":50}},"31":{"start":{"line":76,"column":25},"end":{"line":76,"column":43}},"32":{"start":{"line":77,"column":26},"end":{"line":77,"column":78}},"33":{"start":{"line":78,"column":8},"end":{"line":95,"column":10}},"34":{"start":{"line":79,"column":12},"end":{"line":79,"column":39}},"35":{"start":{"line":79,"column":21},"end":{"line":79,"column":39}},"36":{"start":{"line":80,"column":12},"end":{"line":80,"column":66}},"37":{"start":{"line":81,"column":29},"end":{"line":81,"column":54}},"38":{"start":{"line":82,"column":25},"end":{"line":82,"column":39}},"39":{"start":{"line":83,"column":12},"end":{"line":83,"column":55}},"40":{"start":{"line":84,"column":12},"end":{"line":94,"column":42}},"41":{"start":{"line":88,"column":29},"end":{"line":88,"column":39}},"42":{"start":{"line":90,"column":20},"end":{"line":90,"column":59}},"43":{"start":{"line":90,"column":35},"end":{"line":90,"column":59}},"44":{"start":{"line":91,"column":20},"end":{"line":91,"column":62}},"45":{"start":{"line":93,"column":28},"end":{"line":93,"column":51}},"46":{"start":{"line":94,"column":30},"end":{"line":94,"column":41}},"47":{"start":{"line":99,"column":0},"end":{"line":104,"column":1}}},"fnMap":{"0":{"name":"(anonymous_0)","decl":{"start":{"line":14,"column":18},"end":{"line":14,"column":19}},"loc":{"start":{"line":15,"column":4},"end":{"line":23,"column":5}},"line":15},"1":{"name":"(anonymous_1)","decl":{"start":{"line":15,"column":16},"end":{"line":15,"column":17}},"loc":{"start":{"line":16,"column":8},"end":{"line":22,"column":14}},"line":16},"2":{"name":"(anonymous_2)","decl":{"start":{"line":17,"column":18},"end":{"line":17,"column":19}},"loc":{"start":{"line":17,"column":30},"end":{"line":17,"column":45}},"line":17},"3":{"name":"(anonymous_3)","decl":{"start":{"line":18,"column":18},"end":{"line":18,"column":19}},"loc":{"start":{"line":18,"column":26},"end":{"line":18,"column":39}},"line":18},"4":{"name":"(anonymous_4)","decl":{"start":{"line":19,"column":19},"end":{"line":19,"column":20}},"loc":{"start":{"line":19,"column":26},"end":{"line":22,"column":13}},"line":19},"5":{"name":"(anonymous_5)","decl":{"start":{"line":32,"column":18},"end":{"line":32,"column":19}},"loc":{"start":{"line":32,"column":36},"end":{"line":42,"column":1}},"line":32},"6":{"name":"(anonymous_6)","decl":{"start":{"line":33,"column":23},"end":{"line":33,"column":24}},"loc":{"start":{"line":33,"column":44},"end":{"line":41,"column":5}},"line":33},"7":{"name":"(anonymous_7)","decl":{"start":{"line":35,"column":18},"end":{"line":35,"column":19}},"loc":{"start":{"line":35,"column":30},"end":{"line":35,"column":45}},"line":35},"8":{"name":"(anonymous_8)","decl":{"start":{"line":36,"column":18},"end":{"line":36,"column":19}},"loc":{"start":{"line":36,"column":26},"end":{"line":36,"column":39}},"line":36},"9":{"name":"(anonymous_9)","decl":{"start":{"line":37,"column":19},"end":{"line":37,"column":20}},"loc":{"start":{"line":37,"column":26},"end":{"line":40,"column":13}},"line":37},"10":{"name":"(anonymous_10)","decl":{"start":{"line":49,"column":20},"end":{"line":49,"column":21}},"loc":{"start":{"line":49,"column":39},"end":{"line":63,"column":1}},"line":49},"11":{"name":"(anonymous_11)","decl":{"start":{"line":50,"column":23},"end":{"line":50,"column":24}},"loc":{"start":{"line":50,"column":44},"end":{"line":62,"column":5}},"line":50},"12":{"name":"(anonymous_12)","decl":{"start":{"line":53,"column":18},"end":{"line":53,"column":19}},"loc":{"start":{"line":53,"column":27},"end":{"line":57,"column":13}},"line":53},"13":{"name":"(anonymous_13)","decl":{"start":{"line":56,"column":26},"end":{"line":56,"column":27}},"loc":{"start":{"line":56,"column":38},"end":{"line":56,"column":102}},"line":56},"14":{"name":"(anonymous_14)","decl":{"start":{"line":58,"column":19},"end":{"line":58,"column":20}},"loc":{"start":{"line":58,"column":28},"end":{"line":61,"column":13}},"line":58},"15":{"name":"(anonymous_15)","decl":{"start":{"line":72,"column":21},"end":{"line":72,"column":22}},"loc":{"start":{"line":72,"column":41},"end":{"line":97,"column":1}},"line":72},"16":{"name":"(anonymous_16)","decl":{"start":{"line":74,"column":23},"end":{"line":74,"column":24}},"loc":{"start":{"line":74,"column":50},"end":{"line":96,"column":5}},"line":74},"17":{"name":"(anonymous_17)","decl":{"start":{"line":78,"column":66},"end":{"line":78,"column":67}},"loc":{"start":{"line":78,"column":75},"end":{"line":95,"column":9}},"line":78},"18":{"name":"(anonymous_18)","decl":{"start":{"line":88,"column":22},"end":{"line":88,"column":23}},"loc":{"start":{"line":88,"column":29},"end":{"line":88,"column":39}},"line":88},"19":{"name":"(anonymous_19)","decl":{"start":{"line":89,"column":22},"end":{"line":89,"column":23}},"loc":{"start":{"line":89,"column":29},"end":{"line":92,"column":17}},"line":89},"20":{"name":"(anonymous_20)","decl":{"start":{"line":93,"column":22},"end":{"line":93,"column":23}},"loc":{"start":{"line":93,"column":28},"end":{"line":93,"column":51}},"line":93},"21":{"name":"(anonymous_21)","decl":{"start":{"line":94,"column":23},"end":{"line":94,"column":24}},"loc":{"start":{"line":94,"column":30},"end":{"line":94,"column":41}},"line":94}},"branchMap":{"0":{"loc":{"start":{"line":54,"column":34},"end":{"line":54,"column":77}},"type":"binary-expr","locations":[{"start":{"line":54,"column":34},"end":{"line":54,"column":42}},{"start":{"line":54,"column":46},"end":{"line":54,"column":77}}],"line":54},"1":{"loc":{"start":{"line":77,"column":26},"end":{"line":77,"column":78}},"type":"cond-expr","locations":[{"start":{"line":77,"column":33},"end":{"line":77,"column":67}},{"start":{"line":77,"column":70},"end":{"line":77,"column":78}}],"line":77},"2":{"loc":{"start":{"line":79,"column":12},"end":{"line":79,"column":39}},"type":"if","locations":[{"start":{"line":79,"column":12},"end":{"line":79,"column":39}},{"start":{},"end":{}}],"line":79},"3":{"loc":{"start":{"line":90,"column":20},"end":{"line":90,"column":59}},"type":"if","locations":[{"start":{"line":90,"column":20},"end":{"line":90,"column":59}},{"start":{},"end":{}}],"line":90}},"s":{"0":0,"1":0,"2":0,"3":0,"4":0,"5":0,"6":0,"7":0,"8":0,"9":0,"10":0,"11":0,"12":0,"13":0,"14":0,"15":0,"16":0,"17":0,"18":0,"19":0,"20":0,"21":0,"22":0,"23":0,"24":0,"25":0,"26":0,"27":0,"28":0,"29":0,"30":0,"31":0,"32":0,"33":0,"34":0,"35":0,"36":0,"37":0,"38":0,"39":0,"40":0,"41":0,"42":0,"43":0,"44":0,"45":0,"46":0,"47":0},"f":{"0":0,"1":0,"2":0,"3":0,"4":0,"5":0,"6":0,"7":0,"8":0,"9":0,"10":0,"11":0,"12":0,"13":0,"14":0,"15":0,"16":0,"17":0,"18":0,"19":0,"20":0,"21":0},"b":{"0":[0,0],"1":[0,0],"2":[0,0],"3":[0,0]}}
,"/home/runner/work/forked-jsshn12-Bot-Js/forked-jsshn12-Bot-Js/utils/imageProcessing.js": {"path":"/home/runner/work/forked-jsshn12-Bot-Js/forked-jsshn12-Bot-Js/utils/imageProcessing.js","statementMap":{"0":{"start":{"line":1,"column":14},"end":{"line":1,"column":30}},"1":{"start":{"line":2,"column":23},"end":{"line":2,"column":43}},"2":{"start":{"line":11,"column":0},"end":{"line":25,"column":2}},"3":{"start":{"line":11,"column":49},"end":{"line":25,"column":2}},"4":{"start":{"line":12,"column":4},"end":{"line":12,"column":37}},"5":{"start":{"line":13,"column":21},"end":{"line":13,"column":43}},"6":{"start":{"line":14,"column":4},"end":{"line":24,"column":38}},"7":{"start":{"line":18,"column":12},"end":{"line":18,"column":59}},"8":{"start":{"line":18,"column":25},"end":{"line":18,"column":59}},"9":{"start":{"line":19,"column":12},"end":{"line":19,"column":67}},"10":{"start":{"line":20,"column":37},"end":{"line":20,"column":74}},"11":{"start":{"line":21,"column":34},"end":{"line":21,"column":75}},"12":{"start":{"line":22,"column":12},"end":{"line":22,"column":34}},"13":{"start":{"line":24,"column":24},"end":{"line":24,"column":37}}},"fnMap":{"0":{"name":"(anonymous_0)","decl":{"start":{"line":11,"column":31},"end":{"line":11,"column":32}},"loc":{"start":{"line":11,"column":49},"end":{"line":25,"column":2}},"line":11},"1":{"name":"(anonymous_1)","decl":{"start":{"line":11,"column":61},"end":{"line":11,"column":62}},"loc":{"start":{"line":11,"column":88},"end":{"line":25,"column":1}},"line":11},"2":{"name":"(anonymous_2)","decl":{"start":{"line":17,"column":14},"end":{"line":17,"column":15}},"loc":{"start":{"line":17,"column":36},"end":{"line":23,"column":9}},"line":17},"3":{"name":"(anonymous_3)","decl":{"start":{"line":24,"column":15},"end":{"line":24,"column":16}},"loc":{"start":{"line":24,"column":24},"end":{"line":24,"column":37}},"line":24}},"branchMap":{"0":{"loc":{"start":{"line":18,"column":12},"end":{"line":18,"column":59}},"type":"if","locations":[{"start":{"line":18,"column":12},"end":{"line":18,"column":59}},{"start":{},"end":{}}],"line":18}},"s":{"0":0,"1":0,"2":0,"3":0,"4":0,"5":0,"6":0,"7":0,"8":0,"9":0,"10":0,"11":0,"12":0,"13":0},"f":{"0":0,"1":0,"2":0,"3":0},"b":{"0":[0,0]}}
,"/home/runner/work/forked-jsshn12-Bot-Js/forked-jsshn12-Bot-Js/utils/index.js": {"path":"/home/runner/work/forked-jsshn12-Bot-Js/forked-jsshn12-Bot-Js/utils/index.js","statementMap":{"0":{"start":{"line":1,"column":16},"end":{"line":1,"column":34}},"1":{"start":{"line":2,"column":11},"end":{"line":2,"column":30}},"2":{"start":{"line":3,"column":14},"end":{"line":3,"column":30}},"3":{"start":{"line":4,"column":15},"end":{"line":4,"column":41}},"4":{"start":{"line":5,"column":0},"end":{"line":5,"column":49}},"5":{"start":{"line":13,"column":14},"end":{"line":15,"column":1}},"6":{"start":{"line":14,"column":4},"end":{"line":14,"column":71}},"7":{"start":{"line":18,"column":19},"end":{"line":21,"column":2}},"8":{"start":{"line":18,"column":37},"end":{"line":21,"column":2}},"9":{"start":{"line":19,"column":4},"end":{"line":19,"column":151}},"10":{"start":{"line":20,"column":4},"end":{"line":20,"column":15}},"11":{"start":{"line":28,"column":20},"end":{"line":31,"column":1}},"12":{"start":{"line":30,"column":4},"end":{"line":30,"column":70}},"13":{"start":{"line":37,"column":14},"end":{"line":39,"column":1}},"14":{"start":{"line":38,"column":4},"end":{"line":38,"column":136}},"15":{"start":{"line":42,"column":28},"end":{"line":42,"column":37}},"16":{"start":{"line":48,"column":19},"end":{"line":50,"column":1}},"17":{"start":{"line":49,"column":4},"end":{"line":49,"column":42}},"18":{"start":{"line":58,"column":17},"end":{"line":64,"column":1}},"19":{"start":{"line":59,"column":2},"end":{"line":63,"column":4}},"20":{"start":{"line":60,"column":4},"end":{"line":62,"column":28}},"21":{"start":{"line":71,"column":18},"end":{"line":76,"column":1}},"22":{"start":{"line":72,"column":4},"end":{"line":72,"column":33}},"23":{"start":{"line":73,"column":4},"end":{"line":75,"column":12}},"24":{"start":{"line":74,"column":8},"end":{"line":74,"column":47}},"25":{"start":{"line":78,"column":0},"end":{"line":88,"column":1}}},"fnMap":{"0":{"name":"(anonymous_0)","decl":{"start":{"line":13,"column":14},"end":{"line":13,"column":15}},"loc":{"start":{"line":13,"column":31},"end":{"line":15,"column":1}},"line":13},"1":{"name":"(anonymous_1)","decl":{"start":{"line":18,"column":19},"end":{"line":18,"column":20}},"loc":{"start":{"line":18,"column":37},"end":{"line":21,"column":2}},"line":18},"2":{"name":"(anonymous_2)","decl":{"start":{"line":18,"column":67},"end":{"line":18,"column":68}},"loc":{"start":{"line":18,"column":77},"end":{"line":21,"column":1}},"line":18},"3":{"name":"(anonymous_3)","decl":{"start":{"line":28,"column":20},"end":{"line":28,"column":21}},"loc":{"start":{"line":28,"column":40},"end":{"line":31,"column":1}},"line":28},"4":{"name":"(anonymous_4)","decl":{"start":{"line":37,"column":14},"end":{"line":37,"column":15}},"loc":{"start":{"line":37,"column":23},"end":{"line":39,"column":1}},"line":37},"5":{"name":"(anonymous_5)","decl":{"start":{"line":48,"column":19},"end":{"line":48,"column":20}},"loc":{"start":{"line":48,"column":29},"end":{"line":50,"column":1}},"line":48},"6":{"name":"(anonymous_6)","decl":{"start":{"line":58,"column":17},"end":{"line":58,"column":18}},"loc":{"start":{"line":58,"column":42},"end":{"line":64,"column":1}},"line":58},"7":{"name":"(anonymous_7)","decl":{"start":{"line":59,"column":20},"end":{"line":59,"column":21}},"loc":{"start":{"line":59,"column":26},"end":{"line":63,"column":3}},"line":59},"8":{"name":"(anonymous_8)","decl":{"start":{"line":71,"column":18},"end":{"line":71,"column":19}},"loc":{"start":{"line":71,"column":28},"end":{"line":76,"column":1}},"line":71},"9":{"name":"(anonymous_9)","decl":{"start":{"line":73,"column":15},"end":{"line":73,"column":16}},"loc":{"start":{"line":73,"column":21},"end":{"line":75,"column":5}},"line":73}},"branchMap":{"0":{"loc":{"start":{"line":14,"column":11},"end":{"line":14,"column":71}},"type":"cond-expr","locations":[{"start":{"line":14,"column":20},"end":{"line":14,"column":42}},{"start":{"line":14,"column":45},"end":{"line":14,"column":71}}],"line":14},"1":{"loc":{"start":{"line":19,"column":4},"end":{"line":19,"column":151}},"type":"cond-expr","locations":[{"start":{"line":19,"column":15},"end":{"line":19,"column":77}},{"start":{"line":19,"column":80},"end":{"line":19,"column":151}}],"line":19},"2":{"loc":{"start":{"line":19,"column":15},"end":{"line":19,"column":77}},"type":"cond-expr","locations":[{"start":{"line":19,"column":35},"end":{"line":19,"column":55}},{"start":{"line":19,"column":58},"end":{"line":19,"column":77}}],"line":19},"3":{"loc":{"start":{"line":19,"column":80},"end":{"line":19,"column":151}},"type":"cond-expr","locations":[{"start":{"line":19,"column":103},"end":{"line":19,"column":126}},{"start":{"line":19,"column":129},"end":{"line":19,"column":151}}],"line":19}},"s":{"0":0,"1":0,"2":0,"3":0,"4":0,"5":0,"6":0,"7":0,"8":0,"9":0,"10":0,"11":0,"12":0,"13":0,"14":0,"15":0,"16":0,"17":0,"18":0,"19":0,"20":0,"21":0,"22":0,"23":0,"24":0,"25":0},"f":{"0":0,"1":0,"2":0,"3":0,"4":0,"5":0,"6":0,"7":0,"8":0,"9":0},"b":{"0":[0,0],"1":[0,0],"2":[0,0],"3":[0,0]}}
}
